mode: set
github.com/external-secrets/external-secrets/pkg/provider/vault/util/vault.go:69.51,71.2 1 0
github.com/external-secrets/external-secrets/pkg/provider/vault/util/vault.go:73.41,75.2 1 0
github.com/external-secrets/external-secrets/pkg/provider/vault/util/vault.go:77.53,79.2 1 0
github.com/external-secrets/external-secrets/pkg/provider/vault/util/vault.go:81.35,83.2 1 0
github.com/external-secrets/external-secrets/pkg/provider/vault/util/vault.go:85.37,87.2 1 0
github.com/external-secrets/external-secrets/pkg/provider/vault/util/vault.go:89.45,91.2 1 0
github.com/external-secrets/external-secrets/pkg/provider/vault/util/vault.go:93.34,95.2 1 0
github.com/external-secrets/external-secrets/pkg/provider/vault/util/vault.go:97.40,99.2 1 0
github.com/external-secrets/external-secrets/pkg/provider/vault/util/vault.go:101.40,103.2 1 0
github.com/external-secrets/external-secrets/pkg/provider/vault/fake/vault.go:37.94,39.2 1 0
github.com/external-secrets/external-secrets/pkg/provider/vault/fake/vault.go:52.93,54.2 1 0
github.com/external-secrets/external-secrets/pkg/provider/vault/fake/vault.go:55.83,56.71 1 0
github.com/external-secrets/external-secrets/pkg/provider/vault/fake/vault.go:56.71,61.3 2 0
github.com/external-secrets/external-secrets/pkg/provider/vault/fake/vault.go:64.81,65.19 1 0
github.com/external-secrets/external-secrets/pkg/provider/vault/fake/vault.go:65.19,67.3 1 0
github.com/external-secrets/external-secrets/pkg/provider/vault/fake/vault.go:68.2,68.41 1 0
github.com/external-secrets/external-secrets/pkg/provider/vault/fake/vault.go:71.85,72.19 1 0
github.com/external-secrets/external-secrets/pkg/provider/vault/fake/vault.go:72.19,74.3 1 0
github.com/external-secrets/external-secrets/pkg/provider/vault/fake/vault.go:76.2,76.74 1 0
github.com/external-secrets/external-secrets/pkg/provider/vault/fake/vault.go:76.74,78.3 1 0
github.com/external-secrets/external-secrets/pkg/provider/vault/fake/vault.go:80.2,82.43 3 0
github.com/external-secrets/external-secrets/pkg/provider/vault/fake/vault.go:85.87,86.97 1 0
github.com/external-secrets/external-secrets/pkg/provider/vault/fake/vault.go:86.97,88.3 1 0
github.com/external-secrets/external-secrets/pkg/provider/vault/fake/vault.go:91.95,92.97 1 0
github.com/external-secrets/external-secrets/pkg/provider/vault/fake/vault.go:92.97,94.3 1 0
github.com/external-secrets/external-secrets/pkg/provider/vault/fake/vault.go:97.132,98.97 1 0
github.com/external-secrets/external-secrets/pkg/provider/vault/fake/vault.go:98.97,100.43 1 0
github.com/external-secrets/external-secrets/pkg/provider/vault/fake/vault.go:100.43,102.4 1 0
github.com/external-secrets/external-secrets/pkg/provider/vault/fake/vault.go:105.3,105.48 1 0
github.com/external-secrets/external-secrets/pkg/provider/vault/fake/vault.go:109.81,110.92 1 0
github.com/external-secrets/external-secrets/pkg/provider/vault/fake/vault.go:110.92,112.3 1 0
github.com/external-secrets/external-secrets/pkg/provider/vault/fake/vault.go:115.78,116.92 1 0
github.com/external-secrets/external-secrets/pkg/provider/vault/fake/vault.go:116.92,117.41 1 0
github.com/external-secrets/external-secrets/pkg/provider/vault/fake/vault.go:117.41,119.4 1 0
github.com/external-secrets/external-secrets/pkg/provider/vault/fake/vault.go:120.3,120.41 1 0
github.com/external-secrets/external-secrets/pkg/provider/vault/fake/vault.go:120.41,122.4 1 0
github.com/external-secrets/external-secrets/pkg/provider/vault/fake/vault.go:123.3,123.40 1 0
github.com/external-secrets/external-secrets/pkg/provider/vault/fake/vault.go:127.56,128.90 1 0
github.com/external-secrets/external-secrets/pkg/provider/vault/fake/vault.go:128.90,130.3 1 0
github.com/external-secrets/external-secrets/pkg/provider/vault/fake/vault.go:133.58,134.71 1 0
github.com/external-secrets/external-secrets/pkg/provider/vault/fake/vault.go:134.71,136.3 1 0
github.com/external-secrets/external-secrets/pkg/provider/vault/fake/vault.go:138.84,142.92 2 0
github.com/external-secrets/external-secrets/pkg/provider/vault/fake/vault.go:142.92,143.121 1 0
github.com/external-secrets/external-secrets/pkg/provider/vault/fake/vault.go:143.121,145.4 1 0
github.com/external-secrets/external-secrets/pkg/provider/vault/fake/vault.go:146.3,146.16 1 0
github.com/external-secrets/external-secrets/pkg/provider/vault/fake/vault.go:150.125,152.2 1 0
github.com/external-secrets/external-secrets/pkg/provider/vault/fake/vault.go:153.91,155.2 1 0
github.com/external-secrets/external-secrets/pkg/provider/vault/fake/vault.go:156.113,158.2 1 0
github.com/external-secrets/external-secrets/pkg/provider/vault/fake/vault.go:177.80,181.28 4 0
github.com/external-secrets/external-secrets/pkg/provider/vault/fake/vault.go:181.28,183.3 1 0
github.com/external-secrets/external-secrets/pkg/provider/vault/fake/vault.go:184.2,187.38 3 0
github.com/external-secrets/external-secrets/pkg/provider/vault/fake/vault.go:187.38,189.3 1 0
github.com/external-secrets/external-secrets/pkg/provider/vault/fake/vault.go:190.2,190.12 1 0
github.com/external-secrets/external-secrets/pkg/provider/vault/fake/vault.go:193.83,194.38 1 0
github.com/external-secrets/external-secrets/pkg/provider/vault/fake/vault.go:194.38,196.3 1 0
github.com/external-secrets/external-secrets/pkg/provider/vault/fake/vault.go:197.2,197.29 1 0
github.com/external-secrets/external-secrets/pkg/provider/vault/fake/vault.go:200.97,205.37 4 0
github.com/external-secrets/external-secrets/pkg/provider/vault/fake/vault.go:205.37,207.3 1 0
github.com/external-secrets/external-secrets/pkg/provider/vault/fake/vault.go:208.2,208.29 1 0
github.com/external-secrets/external-secrets/pkg/provider/vault/fake/vault.go:212.38,216.2 3 0
github.com/external-secrets/external-secrets/pkg/provider/vault/fake/vault.go:219.37,223.2 3 0
github.com/external-secrets/external-secrets/pkg/provider/vault/fake/vault.go:226.51,229.28 3 0
github.com/external-secrets/external-secrets/pkg/provider/vault/fake/vault.go:229.28,231.3 1 0
github.com/external-secrets/external-secrets/pkg/provider/vault/fake/vault.go:232.2,232.31 1 0
github.com/external-secrets/external-secrets/pkg/provider/vault/fake/vault.go:236.37,240.2 3 0
github.com/external-secrets/external-secrets/pkg/provider/vault/fake/vault.go:243.30,249.2 5 0
github.com/external-secrets/external-secrets/pkg/provider/vault/fake/vault.go:268.30,271.77 1 0
github.com/external-secrets/external-secrets/pkg/provider/vault/fake/vault.go:271.77,273.4 1 0
github.com/external-secrets/external-secrets/pkg/provider/vault/fake/vault.go:277.2,277.10 1 0
github.com/external-secrets/external-secrets/pkg/provider/vault/fake/vault.go:281.60,284.77 1 0
github.com/external-secrets/external-secrets/pkg/provider/vault/fake/vault.go:284.77,295.4 1 0
github.com/external-secrets/external-secrets/pkg/provider/vault/fake/vault.go:296.91,303.4 1 0
github.com/external-secrets/external-secrets/pkg/provider/vault/fake/vault.go:306.2,306.10 1 0
github.com/external-secrets/external-secrets/pkg/provider/vault/fake/vault.go:309.58,310.24 1 0
github.com/external-secrets/external-secrets/pkg/provider/vault/fake/vault.go:310.24,311.26 1 0
github.com/external-secrets/external-secrets/pkg/provider/vault/fake/vault.go:311.26,313.4 1 0
github.com/external-secrets/external-secrets/pkg/provider/vault/fake/vault.go:317.39,318.23 1 0
github.com/external-secrets/external-secrets/pkg/provider/vault/fake/vault.go:318.23,320.3 1 0
github.com/external-secrets/external-secrets/pkg/provider/vault/fake/vault.go:323.41,324.16 1 0
github.com/external-secrets/external-secrets/pkg/provider/vault/fake/vault.go:324.17,326.3 0 0
github.com/external-secrets/external-secrets/pkg/provider/vault/fake/vault.go:329.39,330.33 1 0
github.com/external-secrets/external-secrets/pkg/provider/vault/fake/vault.go:330.34,332.3 0 0
github.com/external-secrets/external-secrets/pkg/provider/vault/fake/vault.go:357.45,361.2 3 0
github.com/external-secrets/external-secrets/pkg/provider/vault/fake/vault.go:364.47,368.2 3 0
github.com/external-secrets/external-secrets/pkg/provider/vault/fake/vault.go:371.43,375.2 3 0
github.com/external-secrets/external-secrets/pkg/provider/vault/fake/vault.go:378.60,382.2 3 0
github.com/external-secrets/external-secrets/pkg/provider/vault/fake/vault.go:385.54,389.2 3 0
github.com/external-secrets/external-secrets/pkg/provider/vault/fake/vault.go:392.48,396.2 3 0
github.com/external-secrets/external-secrets/pkg/provider/vault/fake/vault.go:399.53,403.2 3 0
github.com/external-secrets/external-secrets/pkg/provider/vault/fake/vault.go:405.41,407.2 1 0
github.com/external-secrets/external-secrets/pkg/provider/vault/fake/vault.go:409.32,411.118 1 0
github.com/external-secrets/external-secrets/pkg/provider/vault/fake/vault.go:411.118,413.4 1 0
github.com/external-secrets/external-secrets/pkg/provider/vault/fake/vault.go:414.84,416.4 1 0
github.com/external-secrets/external-secrets/pkg/provider/vault/fake/vault.go:417.106,419.4 1 0
github.com/external-secrets/external-secrets/pkg/provider/vault/fake/vault.go:421.2,421.16 1 0
github.com/external-secrets/external-secrets/pkg/provider/vault/fake/vault.go:423.35,425.2 1 0
github.com/external-secrets/external-secrets/pkg/provider/vault/fake/vault.go:427.26,429.90 1 0
github.com/external-secrets/external-secrets/pkg/provider/vault/fake/vault.go:429.90,431.4 1 0
github.com/external-secrets/external-secrets/pkg/provider/vault/fake/vault.go:433.2,433.13 1 0
github.com/external-secrets/external-secrets/pkg/provider/vault/fake/vault.go:435.42,437.2 1 0
github.com/external-secrets/external-secrets/pkg/provider/vault/fake/vault.go:439.42,441.2 1 0
github.com/external-secrets/external-secrets/pkg/provider/vault/fake/vault.go:443.38,445.2 1 0
github.com/external-secrets/external-secrets/pkg/provider/vault/fake/vault.go:447.36,449.2 1 0
github.com/external-secrets/external-secrets/pkg/provider/vault/fake/vault.go:451.42,456.2 4 0
github.com/external-secrets/external-secrets/pkg/provider/vault/fake/vault.go:458.54,462.2 3 0
github.com/external-secrets/external-secrets/pkg/provider/vault/fake/vault.go:464.52,466.2 1 0
github.com/external-secrets/external-secrets/pkg/provider/vault/fake/vault.go:468.69,470.2 1 0
github.com/external-secrets/external-secrets/pkg/provider/vault/fake/vault.go:472.115,473.57 1 0
github.com/external-secrets/external-secrets/pkg/provider/vault/fake/vault.go:473.57,475.3 1 0
github.com/external-secrets/external-secrets/pkg/provider/vault/fake/vault.go:478.102,487.27 2 0
github.com/external-secrets/external-secrets/pkg/provider/vault/fake/vault.go:487.27,489.3 1 0
github.com/external-secrets/external-secrets/pkg/provider/vault/fake/vault.go:491.2,501.8 1 0
github.com/external-secrets/external-secrets/pkg/provider/vault/iamauth/iamauth.go:67.117,69.16 2 0
github.com/external-secrets/external-secrets/pkg/provider/vault/iamauth/iamauth.go:69.16,71.3 1 0
github.com/external-secrets/external-secrets/pkg/provider/vault/iamauth/iamauth.go:72.2,73.16 2 0
github.com/external-secrets/external-secrets/pkg/provider/vault/iamauth/iamauth.go:73.16,75.3 1 0
github.com/external-secrets/external-secrets/pkg/provider/vault/iamauth/iamauth.go:76.2,79.18 4 0
github.com/external-secrets/external-secrets/pkg/provider/vault/iamauth/iamauth.go:79.18,81.3 1 0
github.com/external-secrets/external-secrets/pkg/provider/vault/iamauth/iamauth.go:82.2,87.16 2 0
github.com/external-secrets/external-secrets/pkg/provider/vault/iamauth/iamauth.go:87.16,89.3 1 0
github.com/external-secrets/external-secrets/pkg/provider/vault/iamauth/iamauth.go:90.2,98.80 2 0
github.com/external-secrets/external-secrets/pkg/provider/vault/iamauth/iamauth.go:103.47,105.45 2 1
github.com/external-secrets/external-secrets/pkg/provider/vault/iamauth/iamauth.go:105.45,107.3 1 1
github.com/external-secrets/external-secrets/pkg/provider/vault/iamauth/iamauth.go:108.2,108.55 1 1
github.com/external-secrets/external-secrets/pkg/provider/vault/iamauth/iamauth.go:111.94,113.108 2 1
github.com/external-secrets/external-secrets/pkg/provider/vault/iamauth/iamauth.go:113.108,114.45 1 1
github.com/external-secrets/external-secrets/pkg/provider/vault/iamauth/iamauth.go:114.45,118.4 1 1
github.com/external-secrets/external-secrets/pkg/provider/vault/iamauth/iamauth.go:119.3,119.63 1 0
github.com/external-secrets/external-secrets/pkg/provider/vault/iamauth/iamauth.go:138.79,145.16 3 1
github.com/external-secrets/external-secrets/pkg/provider/vault/iamauth/iamauth.go:145.16,147.3 1 0
github.com/external-secrets/external-secrets/pkg/provider/vault/iamauth/iamauth.go:148.2,148.41 1 1
github.com/external-secrets/external-secrets/pkg/provider/vault/iamauth/iamauth.go:156.220,158.70 2 0
github.com/external-secrets/external-secrets/pkg/provider/vault/iamauth/iamauth.go:158.70,160.3 1 0
github.com/external-secrets/external-secrets/pkg/provider/vault/iamauth/iamauth.go:161.2,166.16 3 0
github.com/external-secrets/external-secrets/pkg/provider/vault/iamauth/iamauth.go:166.16,168.3 1 0
github.com/external-secrets/external-secrets/pkg/provider/vault/iamauth/iamauth.go:171.2,172.19 2 0
github.com/external-secrets/external-secrets/pkg/provider/vault/iamauth/iamauth.go:172.19,174.3 1 0
github.com/external-secrets/external-secrets/pkg/provider/vault/iamauth/iamauth.go:176.2,177.20 2 0
github.com/external-secrets/external-secrets/pkg/provider/vault/iamauth/iamauth.go:177.20,179.3 1 0
github.com/external-secrets/external-secrets/pkg/provider/vault/iamauth/iamauth.go:180.2,181.55 2 0
github.com/external-secrets/external-secrets/pkg/provider/vault/iamauth/iamauth.go:181.55,183.3 1 0
github.com/external-secrets/external-secrets/pkg/provider/vault/iamauth/iamauth.go:185.2,186.16 2 0
github.com/external-secrets/external-secrets/pkg/provider/vault/iamauth/iamauth.go:186.16,188.3 1 0
github.com/external-secrets/external-secrets/pkg/provider/vault/iamauth/iamauth.go:190.2,191.49 2 0
github.com/external-secrets/external-secrets/pkg/provider/vault/iamauth/iamauth.go:194.180,203.16 5 0
github.com/external-secrets/external-secrets/pkg/provider/vault/iamauth/iamauth.go:203.16,205.3 1 0
github.com/external-secrets/external-secrets/pkg/provider/vault/iamauth/iamauth.go:208.2,209.19 2 0
github.com/external-secrets/external-secrets/pkg/provider/vault/iamauth/iamauth.go:209.19,211.3 1 0
github.com/external-secrets/external-secrets/pkg/provider/vault/iamauth/iamauth.go:213.2,214.20 2 0
github.com/external-secrets/external-secrets/pkg/provider/vault/iamauth/iamauth.go:214.20,216.3 1 0
github.com/external-secrets/external-secrets/pkg/provider/vault/iamauth/iamauth.go:217.2,220.16 3 0
github.com/external-secrets/external-secrets/pkg/provider/vault/iamauth/iamauth.go:220.16,222.3 1 0
github.com/external-secrets/external-secrets/pkg/provider/vault/iamauth/iamauth.go:224.2,225.49 2 0
github.com/external-secrets/external-secrets/pkg/provider/vault/iamauth/iamauth.go:232.161,240.16 2 0
github.com/external-secrets/external-secrets/pkg/provider/vault/iamauth/iamauth.go:240.16,242.3 1 0
github.com/external-secrets/external-secrets/pkg/provider/vault/iamauth/iamauth.go:243.2,250.16 2 0
github.com/external-secrets/external-secrets/pkg/provider/vault/iamauth/iamauth.go:250.16,252.3 1 0
github.com/external-secrets/external-secrets/pkg/provider/vault/iamauth/iamauth.go:255.2,262.71 2 0
github.com/external-secrets/external-secrets/pkg/provider/vault/iamauth/iamauth.go:267.64,269.2 1 0
github.com/external-secrets/external-secrets/pkg/provider/vault/iamauth/iamauth.go:272.66,280.16 4 0
github.com/external-secrets/external-secrets/pkg/provider/vault/iamauth/iamauth.go:280.16,282.3 1 0
github.com/external-secrets/external-secrets/pkg/provider/vault/iamauth/iamauth.go:284.2,284.18 1 0
github.com/external-secrets/external-secrets/pkg/provider/vault/auth.go:47.72,48.25 1 1
github.com/external-secrets/external-secrets/pkg/provider/vault/auth.go:48.25,50.3 1 1
github.com/external-secrets/external-secrets/pkg/provider/vault/auth.go:52.2,52.30 1 1
github.com/external-secrets/external-secrets/pkg/provider/vault/auth.go:52.30,54.3 1 1
github.com/external-secrets/external-secrets/pkg/provider/vault/auth.go:57.2,62.28 5 1
github.com/external-secrets/external-secrets/pkg/provider/vault/auth.go:62.28,64.3 1 0
github.com/external-secrets/external-secrets/pkg/provider/vault/auth.go:65.2,65.17 1 1
github.com/external-secrets/external-secrets/pkg/provider/vault/auth.go:65.17,68.3 2 0
github.com/external-secrets/external-secrets/pkg/provider/vault/auth.go:70.2,71.17 2 1
github.com/external-secrets/external-secrets/pkg/provider/vault/auth.go:71.17,74.3 2 1
github.com/external-secrets/external-secrets/pkg/provider/vault/auth.go:76.2,77.17 2 1
github.com/external-secrets/external-secrets/pkg/provider/vault/auth.go:77.17,80.3 2 1
github.com/external-secrets/external-secrets/pkg/provider/vault/auth.go:82.2,83.17 2 1
github.com/external-secrets/external-secrets/pkg/provider/vault/auth.go:83.17,86.3 2 1
github.com/external-secrets/external-secrets/pkg/provider/vault/auth.go:88.2,89.17 2 1
github.com/external-secrets/external-secrets/pkg/provider/vault/auth.go:89.17,92.3 2 0
github.com/external-secrets/external-secrets/pkg/provider/vault/auth.go:94.2,95.17 2 1
github.com/external-secrets/external-secrets/pkg/provider/vault/auth.go:95.17,98.3 2 0
github.com/external-secrets/external-secrets/pkg/provider/vault/auth.go:99.2,100.17 2 1
github.com/external-secrets/external-secrets/pkg/provider/vault/auth.go:100.17,103.3 2 0
github.com/external-secrets/external-secrets/pkg/provider/vault/auth.go:105.2,106.17 2 1
github.com/external-secrets/external-secrets/pkg/provider/vault/auth.go:106.17,109.3 2 1
github.com/external-secrets/external-secrets/pkg/provider/vault/auth.go:111.2,112.17 2 1
github.com/external-secrets/external-secrets/pkg/provider/vault/auth.go:112.17,115.3 2 1
github.com/external-secrets/external-secrets/pkg/provider/vault/auth.go:117.2,117.34 1 1
github.com/external-secrets/external-secrets/pkg/provider/vault/auth.go:127.43,129.28 2 1
github.com/external-secrets/external-secrets/pkg/provider/vault/auth.go:129.28,131.3 1 0
github.com/external-secrets/external-secrets/pkg/provider/vault/auth.go:132.2,142.40 2 1
github.com/external-secrets/external-secrets/pkg/provider/vault/auth.go:142.40,144.3 1 0
github.com/external-secrets/external-secrets/pkg/provider/vault/auth.go:145.2,147.16 2 1
github.com/external-secrets/external-secrets/pkg/provider/vault/auth.go:147.16,149.3 1 1
github.com/external-secrets/external-secrets/pkg/provider/vault/auth.go:150.2,150.40 1 1
github.com/external-secrets/external-secrets/pkg/provider/vault/auth.go:154.70,158.16 3 1
github.com/external-secrets/external-secrets/pkg/provider/vault/auth.go:158.16,160.3 1 1
github.com/external-secrets/external-secrets/pkg/provider/vault/auth.go:163.2,163.17 1 1
github.com/external-secrets/external-secrets/pkg/provider/vault/auth.go:163.17,165.3 1 1
github.com/external-secrets/external-secrets/pkg/provider/vault/auth.go:166.2,167.9 2 1
github.com/external-secrets/external-secrets/pkg/provider/vault/auth.go:167.9,169.3 1 1
github.com/external-secrets/external-secrets/pkg/provider/vault/auth.go:170.2,171.26 2 1
github.com/external-secrets/external-secrets/pkg/provider/vault/auth.go:171.26,173.3 1 0
github.com/external-secrets/external-secrets/pkg/provider/vault/auth.go:174.2,175.9 2 1
github.com/external-secrets/external-secrets/pkg/provider/vault/auth.go:175.9,177.3 1 0
github.com/external-secrets/external-secrets/pkg/provider/vault/auth.go:178.2,179.16 2 1
github.com/external-secrets/external-secrets/pkg/provider/vault/auth.go:179.16,181.3 1 0
github.com/external-secrets/external-secrets/pkg/provider/vault/auth.go:182.2,183.9 2 1
github.com/external-secrets/external-secrets/pkg/provider/vault/auth.go:183.9,185.3 1 0
github.com/external-secrets/external-secrets/pkg/provider/vault/auth.go:186.2,186.38 1 1
github.com/external-secrets/external-secrets/pkg/provider/vault/auth.go:186.38,191.3 1 1
github.com/external-secrets/external-secrets/pkg/provider/vault/auth.go:192.2,192.18 1 1
github.com/external-secrets/external-secrets/pkg/provider/vault/auth.go:195.72,197.16 2 0
github.com/external-secrets/external-secrets/pkg/provider/vault/auth.go:197.16,199.3 1 0
github.com/external-secrets/external-secrets/pkg/provider/vault/auth.go:200.2,200.11 1 0
github.com/external-secrets/external-secrets/pkg/provider/vault/auth.go:200.11,203.17 3 0
github.com/external-secrets/external-secrets/pkg/provider/vault/auth.go:203.17,205.4 1 0
github.com/external-secrets/external-secrets/pkg/provider/vault/auth.go:206.3,206.22 1 0
github.com/external-secrets/external-secrets/pkg/provider/vault/auth.go:208.2,208.12 1 0
github.com/external-secrets/external-secrets/pkg/provider/vault/auth.go:211.61,213.48 2 1
github.com/external-secrets/external-secrets/pkg/provider/vault/auth.go:213.48,215.3 1 1
github.com/external-secrets/external-secrets/pkg/provider/vault/auth.go:217.2,217.58 1 1
github.com/external-secrets/external-secrets/pkg/provider/vault/auth.go:217.58,220.69 1 1
github.com/external-secrets/external-secrets/pkg/provider/vault/auth.go:220.69,224.18 3 1
github.com/external-secrets/external-secrets/pkg/provider/vault/auth.go:224.18,227.5 2 1
github.com/external-secrets/external-secrets/pkg/provider/vault/auth.go:231.2,231.16 1 1
github.com/external-secrets/external-secrets/pkg/provider/vault/auth.go:231.17,233.3 0 1
github.com/external-secrets/external-secrets/pkg/provider/vault/auth_approle.go:36.68,38.20 2 1
github.com/external-secrets/external-secrets/pkg/provider/vault/auth_approle.go:38.20,40.17 2 1
github.com/external-secrets/external-secrets/pkg/provider/vault/auth_approle.go:40.17,42.4 1 1
github.com/external-secrets/external-secrets/pkg/provider/vault/auth_approle.go:43.3,43.19 1 1
github.com/external-secrets/external-secrets/pkg/provider/vault/auth_approle.go:45.2,45.19 1 1
github.com/external-secrets/external-secrets/pkg/provider/vault/auth_approle.go:48.100,53.26 3 1
github.com/external-secrets/external-secrets/pkg/provider/vault/auth_approle.go:53.26,55.3 1 0
github.com/external-secrets/external-secrets/pkg/provider/vault/auth_approle.go:55.8,55.35 1 1
github.com/external-secrets/external-secrets/pkg/provider/vault/auth_approle.go:55.35,57.17 2 1
github.com/external-secrets/external-secrets/pkg/provider/vault/auth_approle.go:57.17,59.4 1 0
github.com/external-secrets/external-secrets/pkg/provider/vault/auth_approle.go:60.8,62.3 1 1
github.com/external-secrets/external-secrets/pkg/provider/vault/auth_approle.go:64.2,65.16 2 1
github.com/external-secrets/external-secrets/pkg/provider/vault/auth_approle.go:65.16,67.3 1 0
github.com/external-secrets/external-secrets/pkg/provider/vault/auth_approle.go:68.2,70.16 3 1
github.com/external-secrets/external-secrets/pkg/provider/vault/auth_approle.go:70.16,72.3 1 0
github.com/external-secrets/external-secrets/pkg/provider/vault/auth_approle.go:73.2,75.16 3 1
github.com/external-secrets/external-secrets/pkg/provider/vault/auth_approle.go:75.16,77.3 1 0
github.com/external-secrets/external-secrets/pkg/provider/vault/auth_approle.go:78.2,78.12 1 1
github.com/external-secrets/external-secrets/pkg/provider/vault/auth_cert.go:38.88,40.21 2 1
github.com/external-secrets/external-secrets/pkg/provider/vault/auth_cert.go:40.21,42.17 2 1
github.com/external-secrets/external-secrets/pkg/provider/vault/auth_cert.go:42.17,44.4 1 1
github.com/external-secrets/external-secrets/pkg/provider/vault/auth_cert.go:45.3,45.19 1 1
github.com/external-secrets/external-secrets/pkg/provider/vault/auth_cert.go:47.2,47.19 1 1
github.com/external-secrets/external-secrets/pkg/provider/vault/auth_cert.go:50.119,52.16 2 1
github.com/external-secrets/external-secrets/pkg/provider/vault/auth_cert.go:52.16,54.3 1 0
github.com/external-secrets/external-secrets/pkg/provider/vault/auth_cert.go:56.2,57.16 2 1
github.com/external-secrets/external-secrets/pkg/provider/vault/auth_cert.go:57.16,59.3 1 0
github.com/external-secrets/external-secrets/pkg/provider/vault/auth_cert.go:61.2,62.16 2 1
github.com/external-secrets/external-secrets/pkg/provider/vault/auth_cert.go:62.16,64.3 1 1
github.com/external-secrets/external-secrets/pkg/provider/vault/auth_cert.go:66.2,66.69 1 1
github.com/external-secrets/external-secrets/pkg/provider/vault/auth_cert.go:66.69,68.3 1 1
github.com/external-secrets/external-secrets/pkg/provider/vault/auth_cert.go:70.2,73.16 4 1
github.com/external-secrets/external-secrets/pkg/provider/vault/auth_cert.go:73.16,75.3 1 0
github.com/external-secrets/external-secrets/pkg/provider/vault/auth_cert.go:76.2,77.16 2 1
github.com/external-secrets/external-secrets/pkg/provider/vault/auth_cert.go:77.16,79.3 1 0
github.com/external-secrets/external-secrets/pkg/provider/vault/auth_cert.go:80.2,81.12 2 1
github.com/external-secrets/external-secrets/pkg/provider/vault/auth_iam.go:50.143,53.20 3 1
github.com/external-secrets/external-secrets/pkg/provider/vault/auth_iam.go:53.20,55.17 2 1
github.com/external-secrets/external-secrets/pkg/provider/vault/auth_iam.go:55.17,57.4 1 1
github.com/external-secrets/external-secrets/pkg/provider/vault/auth_iam.go:58.3,58.19 1 1
github.com/external-secrets/external-secrets/pkg/provider/vault/auth_iam.go:60.2,60.19 1 1
github.com/external-secrets/external-secrets/pkg/provider/vault/auth_iam.go:63.220,71.20 7 1
github.com/external-secrets/external-secrets/pkg/provider/vault/auth_iam.go:71.20,73.17 2 0
github.com/external-secrets/external-secrets/pkg/provider/vault/auth_iam.go:73.17,75.4 1 0
github.com/external-secrets/external-secrets/pkg/provider/vault/auth_iam.go:76.8,76.33 1 1
github.com/external-secrets/external-secrets/pkg/provider/vault/auth_iam.go:76.33,79.17 3 1
github.com/external-secrets/external-secrets/pkg/provider/vault/auth_iam.go:79.17,81.4 1 0
github.com/external-secrets/external-secrets/pkg/provider/vault/auth_iam.go:86.2,86.44 1 1
github.com/external-secrets/external-secrets/pkg/provider/vault/auth_iam.go:86.44,88.17 2 1
github.com/external-secrets/external-secrets/pkg/provider/vault/auth_iam.go:88.17,90.4 1 1
github.com/external-secrets/external-secrets/pkg/provider/vault/auth_iam.go:93.2,94.18 2 1
github.com/external-secrets/external-secrets/pkg/provider/vault/auth_iam.go:94.18,96.3 1 1
github.com/external-secrets/external-secrets/pkg/provider/vault/auth_iam.go:98.2,98.21 1 1
github.com/external-secrets/external-secrets/pkg/provider/vault/auth_iam.go:98.21,100.3 1 1
github.com/external-secrets/external-secrets/pkg/provider/vault/auth_iam.go:102.2,103.16 2 1
github.com/external-secrets/external-secrets/pkg/provider/vault/auth_iam.go:103.16,105.3 1 0
github.com/external-secrets/external-secrets/pkg/provider/vault/auth_iam.go:106.2,106.30 1 1
github.com/external-secrets/external-secrets/pkg/provider/vault/auth_iam.go:106.30,108.31 2 0
github.com/external-secrets/external-secrets/pkg/provider/vault/auth_iam.go:108.31,109.61 1 0
github.com/external-secrets/external-secrets/pkg/provider/vault/auth_iam.go:109.61,111.5 1 0
github.com/external-secrets/external-secrets/pkg/provider/vault/auth_iam.go:112.4,112.112 1 0
github.com/external-secrets/external-secrets/pkg/provider/vault/auth_iam.go:113.9,115.4 1 0
github.com/external-secrets/external-secrets/pkg/provider/vault/auth_iam.go:118.2,119.16 2 1
github.com/external-secrets/external-secrets/pkg/provider/vault/auth_iam.go:119.16,121.3 1 0
github.com/external-secrets/external-secrets/pkg/provider/vault/auth_iam.go:123.2,129.39 5 1
github.com/external-secrets/external-secrets/pkg/provider/vault/auth_iam.go:129.39,131.17 2 0
github.com/external-secrets/external-secrets/pkg/provider/vault/auth_iam.go:131.17,133.4 1 0
github.com/external-secrets/external-secrets/pkg/provider/vault/auth_iam.go:134.8,136.17 2 1
github.com/external-secrets/external-secrets/pkg/provider/vault/auth_iam.go:136.17,138.4 1 0
github.com/external-secrets/external-secrets/pkg/provider/vault/auth_iam.go:141.2,143.16 3 1
github.com/external-secrets/external-secrets/pkg/provider/vault/auth_iam.go:143.16,145.3 1 0
github.com/external-secrets/external-secrets/pkg/provider/vault/auth_iam.go:146.2,146.12 1 1
github.com/external-secrets/external-secrets/pkg/provider/vault/auth_iam.go:149.59,150.18 1 1
github.com/external-secrets/external-secrets/pkg/provider/vault/auth_iam.go:150.18,152.3 1 1
github.com/external-secrets/external-secrets/pkg/provider/vault/auth_iam.go:153.2,153.25 1 0
github.com/external-secrets/external-secrets/pkg/provider/vault/auth_iam.go:156.64,157.16 1 1
github.com/external-secrets/external-secrets/pkg/provider/vault/auth_iam.go:157.16,159.3 1 1
github.com/external-secrets/external-secrets/pkg/provider/vault/auth_iam.go:160.2,160.32 1 0
github.com/external-secrets/external-secrets/pkg/provider/vault/auth_iam.go:163.171,166.21 2 1
github.com/external-secrets/external-secrets/pkg/provider/vault/auth_iam.go:166.21,169.3 2 0
github.com/external-secrets/external-secrets/pkg/provider/vault/auth_iam.go:172.2,174.26 2 1
github.com/external-secrets/external-secrets/pkg/provider/vault/auth_iam.go:174.26,178.3 2 1
github.com/external-secrets/external-secrets/pkg/provider/vault/auth_iam.go:181.2,181.49 1 1
github.com/external-secrets/external-secrets/pkg/provider/vault/auth_iam.go:184.176,186.62 1 0
github.com/external-secrets/external-secrets/pkg/provider/vault/auth_iam.go:186.62,188.3 1 0
github.com/external-secrets/external-secrets/pkg/provider/vault/auth_iam.go:191.2,192.16 2 0
github.com/external-secrets/external-secrets/pkg/provider/vault/auth_iam.go:192.16,194.3 1 0
github.com/external-secrets/external-secrets/pkg/provider/vault/auth_iam.go:197.2,200.16 3 0
github.com/external-secrets/external-secrets/pkg/provider/vault/auth_iam.go:200.16,202.3 1 0
github.com/external-secrets/external-secrets/pkg/provider/vault/auth_iam.go:204.2,209.9 4 0
github.com/external-secrets/external-secrets/pkg/provider/vault/auth_iam.go:209.9,211.3 1 0
github.com/external-secrets/external-secrets/pkg/provider/vault/auth_iam.go:213.2,214.9 2 0
github.com/external-secrets/external-secrets/pkg/provider/vault/auth_iam.go:214.9,216.3 1 0
github.com/external-secrets/external-secrets/pkg/provider/vault/auth_iam.go:218.2,219.9 2 0
github.com/external-secrets/external-secrets/pkg/provider/vault/auth_iam.go:219.9,221.3 1 0
github.com/external-secrets/external-secrets/pkg/provider/vault/auth_iam.go:222.2,223.9 2 0
github.com/external-secrets/external-secrets/pkg/provider/vault/auth_iam.go:223.9,225.3 1 0
github.com/external-secrets/external-secrets/pkg/provider/vault/auth_iam.go:226.2,227.9 2 0
github.com/external-secrets/external-secrets/pkg/provider/vault/auth_iam.go:227.9,229.3 1 0
github.com/external-secrets/external-secrets/pkg/provider/vault/auth_iam.go:231.2,231.92 1 0
github.com/external-secrets/external-secrets/pkg/provider/vault/auth_jwt.go:35.68,37.20 2 1
github.com/external-secrets/external-secrets/pkg/provider/vault/auth_jwt.go:37.20,39.17 2 0
github.com/external-secrets/external-secrets/pkg/provider/vault/auth_jwt.go:39.17,41.4 1 0
github.com/external-secrets/external-secrets/pkg/provider/vault/auth_jwt.go:42.3,42.19 1 0
github.com/external-secrets/external-secrets/pkg/provider/vault/auth_jwt.go:44.2,44.19 1 1
github.com/external-secrets/external-secrets/pkg/provider/vault/auth_jwt.go:47.97,51.30 4 0
github.com/external-secrets/external-secrets/pkg/provider/vault/auth_jwt.go:51.30,53.3 1 0
github.com/external-secrets/external-secrets/pkg/provider/vault/auth_jwt.go:53.8,53.107 1 0
github.com/external-secrets/external-secrets/pkg/provider/vault/auth_jwt.go:53.107,55.23 2 0
github.com/external-secrets/external-secrets/pkg/provider/vault/auth_jwt.go:55.23,57.4 1 0
github.com/external-secrets/external-secrets/pkg/provider/vault/auth_jwt.go:58.3,59.31 2 0
github.com/external-secrets/external-secrets/pkg/provider/vault/auth_jwt.go:59.31,62.4 2 0
github.com/external-secrets/external-secrets/pkg/provider/vault/auth_jwt.go:63.3,70.23 1 0
github.com/external-secrets/external-secrets/pkg/provider/vault/auth_jwt.go:71.8,73.3 1 0
github.com/external-secrets/external-secrets/pkg/provider/vault/auth_jwt.go:74.2,74.16 1 0
github.com/external-secrets/external-secrets/pkg/provider/vault/auth_jwt.go:74.16,76.3 1 0
github.com/external-secrets/external-secrets/pkg/provider/vault/auth_jwt.go:78.2,85.16 5 0
github.com/external-secrets/external-secrets/pkg/provider/vault/auth_jwt.go:85.16,87.3 1 0
github.com/external-secrets/external-secrets/pkg/provider/vault/auth_jwt.go:89.2,90.16 2 0
github.com/external-secrets/external-secrets/pkg/provider/vault/auth_jwt.go:90.16,92.3 1 0
github.com/external-secrets/external-secrets/pkg/provider/vault/auth_jwt.go:93.2,94.12 2 0
github.com/external-secrets/external-secrets/pkg/provider/vault/auth_kubernetes.go:44.75,46.27 2 1
github.com/external-secrets/external-secrets/pkg/provider/vault/auth_kubernetes.go:46.27,48.17 2 1
github.com/external-secrets/external-secrets/pkg/provider/vault/auth_kubernetes.go:48.17,50.4 1 1
github.com/external-secrets/external-secrets/pkg/provider/vault/auth_kubernetes.go:51.3,51.19 1 1
github.com/external-secrets/external-secrets/pkg/provider/vault/auth_kubernetes.go:53.2,53.19 1 1
github.com/external-secrets/external-secrets/pkg/provider/vault/auth_kubernetes.go:56.118,58.16 2 1
github.com/external-secrets/external-secrets/pkg/provider/vault/auth_kubernetes.go:58.16,60.3 1 1
github.com/external-secrets/external-secrets/pkg/provider/vault/auth_kubernetes.go:61.2,62.16 2 1
github.com/external-secrets/external-secrets/pkg/provider/vault/auth_kubernetes.go:62.16,64.3 1 0
github.com/external-secrets/external-secrets/pkg/provider/vault/auth_kubernetes.go:65.2,67.16 3 1
github.com/external-secrets/external-secrets/pkg/provider/vault/auth_kubernetes.go:67.16,69.3 1 0
github.com/external-secrets/external-secrets/pkg/provider/vault/auth_kubernetes.go:70.2,70.12 1 1
github.com/external-secrets/external-secrets/pkg/provider/vault/auth_kubernetes.go:73.109,74.45 1 1
github.com/external-secrets/external-secrets/pkg/provider/vault/auth_kubernetes.go:74.45,86.30 2 1
github.com/external-secrets/external-secrets/pkg/provider/vault/auth_kubernetes.go:86.30,88.4 1 1
github.com/external-secrets/external-secrets/pkg/provider/vault/auth_kubernetes.go:89.3,93.17 3 1
github.com/external-secrets/external-secrets/pkg/provider/vault/auth_kubernetes.go:93.17,95.4 1 1
github.com/external-secrets/external-secrets/pkg/provider/vault/auth_kubernetes.go:96.3,96.18 1 0
github.com/external-secrets/external-secrets/pkg/provider/vault/auth_kubernetes.go:97.8,97.44 1 1
github.com/external-secrets/external-secrets/pkg/provider/vault/auth_kubernetes.go:97.44,99.25 2 1
github.com/external-secrets/external-secrets/pkg/provider/vault/auth_kubernetes.go:99.25,102.4 2 0
github.com/external-secrets/external-secrets/pkg/provider/vault/auth_kubernetes.go:103.3,104.17 2 1
github.com/external-secrets/external-secrets/pkg/provider/vault/auth_kubernetes.go:104.17,106.4 1 1
github.com/external-secrets/external-secrets/pkg/provider/vault/auth_kubernetes.go:107.3,107.18 1 1
github.com/external-secrets/external-secrets/pkg/provider/vault/auth_kubernetes.go:108.8,112.57 1 0
github.com/external-secrets/external-secrets/pkg/provider/vault/auth_kubernetes.go:112.57,114.4 1 0
github.com/external-secrets/external-secrets/pkg/provider/vault/auth_kubernetes.go:115.3,116.17 2 0
github.com/external-secrets/external-secrets/pkg/provider/vault/auth_kubernetes.go:116.17,118.4 1 0
github.com/external-secrets/external-secrets/pkg/provider/vault/auth_kubernetes.go:119.3,119.30 1 0
github.com/external-secrets/external-secrets/pkg/provider/vault/auth_kubernetes.go:123.135,130.40 3 1
github.com/external-secrets/external-secrets/pkg/provider/vault/auth_kubernetes.go:130.40,132.3 1 0
github.com/external-secrets/external-secrets/pkg/provider/vault/auth_kubernetes.go:133.2,134.16 2 1
github.com/external-secrets/external-secrets/pkg/provider/vault/auth_kubernetes.go:134.16,136.3 1 1
github.com/external-secrets/external-secrets/pkg/provider/vault/auth_kubernetes.go:137.2,137.38 1 0
github.com/external-secrets/external-secrets/pkg/provider/vault/auth_kubernetes.go:137.38,139.3 1 0
github.com/external-secrets/external-secrets/pkg/provider/vault/auth_kubernetes.go:140.2,140.50 1 0
github.com/external-secrets/external-secrets/pkg/provider/vault/auth_kubernetes.go:140.50,146.17 2 0
github.com/external-secrets/external-secrets/pkg/provider/vault/auth_kubernetes.go:146.17,147.12 1 0
github.com/external-secrets/external-secrets/pkg/provider/vault/auth_kubernetes.go:149.3,149.20 1 0
github.com/external-secrets/external-secrets/pkg/provider/vault/auth_kubernetes.go:151.2,151.54 1 0
github.com/external-secrets/external-secrets/pkg/provider/vault/auth_ldap.go:31.69,33.21 2 1
github.com/external-secrets/external-secrets/pkg/provider/vault/auth_ldap.go:33.21,35.17 2 0
github.com/external-secrets/external-secrets/pkg/provider/vault/auth_ldap.go:35.17,37.4 1 0
github.com/external-secrets/external-secrets/pkg/provider/vault/auth_ldap.go:38.3,38.19 1 0
github.com/external-secrets/external-secrets/pkg/provider/vault/auth_ldap.go:40.2,40.19 1 1
github.com/external-secrets/external-secrets/pkg/provider/vault/auth_ldap.go:43.100,46.16 3 0
github.com/external-secrets/external-secrets/pkg/provider/vault/auth_ldap.go:46.16,48.3 1 0
github.com/external-secrets/external-secrets/pkg/provider/vault/auth_ldap.go:49.2,51.16 3 0
github.com/external-secrets/external-secrets/pkg/provider/vault/auth_ldap.go:51.16,53.3 1 0
github.com/external-secrets/external-secrets/pkg/provider/vault/auth_ldap.go:54.2,56.16 3 0
github.com/external-secrets/external-secrets/pkg/provider/vault/auth_ldap.go:56.16,58.3 1 0
github.com/external-secrets/external-secrets/pkg/provider/vault/auth_ldap.go:59.2,59.12 1 0
github.com/external-secrets/external-secrets/pkg/provider/vault/auth_token.go:25.70,27.21 2 1
github.com/external-secrets/external-secrets/pkg/provider/vault/auth_token.go:27.21,29.17 2 1
github.com/external-secrets/external-secrets/pkg/provider/vault/auth_token.go:29.17,31.4 1 0
github.com/external-secrets/external-secrets/pkg/provider/vault/auth_token.go:32.3,33.19 2 1
github.com/external-secrets/external-secrets/pkg/provider/vault/auth_token.go:35.2,35.19 1 1
github.com/external-secrets/external-secrets/pkg/provider/vault/auth_userpass.go:31.73,33.25 2 1
github.com/external-secrets/external-secrets/pkg/provider/vault/auth_userpass.go:33.25,35.17 2 0
github.com/external-secrets/external-secrets/pkg/provider/vault/auth_userpass.go:35.17,37.4 1 0
github.com/external-secrets/external-secrets/pkg/provider/vault/auth_userpass.go:38.3,38.19 1 0
github.com/external-secrets/external-secrets/pkg/provider/vault/auth_userpass.go:40.2,40.19 1 1
github.com/external-secrets/external-secrets/pkg/provider/vault/auth_userpass.go:43.112,46.16 3 0
github.com/external-secrets/external-secrets/pkg/provider/vault/auth_userpass.go:46.16,48.3 1 0
github.com/external-secrets/external-secrets/pkg/provider/vault/auth_userpass.go:49.2,51.16 3 0
github.com/external-secrets/external-secrets/pkg/provider/vault/auth_userpass.go:51.16,53.3 1 0
github.com/external-secrets/external-secrets/pkg/provider/vault/auth_userpass.go:54.2,56.16 3 0
github.com/external-secrets/external-secrets/pkg/provider/vault/auth_userpass.go:56.16,58.3 1 0
github.com/external-secrets/external-secrets/pkg/provider/vault/auth_userpass.go:59.2,59.12 1 0
github.com/external-secrets/external-secrets/pkg/provider/vault/cached_client.go:64.145,77.43 4 1
github.com/external-secrets/external-secrets/pkg/provider/vault/cached_client.go:77.43,79.3 1 0
github.com/external-secrets/external-secrets/pkg/provider/vault/cached_client.go:81.2,81.10 1 1
github.com/external-secrets/external-secrets/pkg/provider/vault/cached_client.go:85.46,89.2 3 1
github.com/external-secrets/external-secrets/pkg/provider/vault/cached_client.go:92.59,98.39 3 0
github.com/external-secrets/external-secrets/pkg/provider/vault/cached_client.go:98.39,100.3 1 0
github.com/external-secrets/external-secrets/pkg/provider/vault/cached_client.go:101.2,101.12 1 0
github.com/external-secrets/external-secrets/pkg/provider/vault/cached_client.go:106.38,109.2 2 0
github.com/external-secrets/external-secrets/pkg/provider/vault/cached_client.go:112.59,117.40 2 0
github.com/external-secrets/external-secrets/pkg/provider/vault/cached_client.go:117.40,120.3 2 0
github.com/external-secrets/external-secrets/pkg/provider/vault/cached_client.go:121.2,122.12 2 0
github.com/external-secrets/external-secrets/pkg/provider/vault/cached_client.go:126.42,132.16 4 0
github.com/external-secrets/external-secrets/pkg/provider/vault/cached_client.go:132.16,135.3 2 0
github.com/external-secrets/external-secrets/pkg/provider/vault/cached_client.go:137.2,138.28 2 0
github.com/external-secrets/external-secrets/pkg/provider/vault/cached_client.go:138.28,141.3 2 0
github.com/external-secrets/external-secrets/pkg/provider/vault/cached_client.go:144.2,147.48 3 0
github.com/external-secrets/external-secrets/pkg/provider/vault/cached_client.go:147.48,148.35 1 0
github.com/external-secrets/external-secrets/pkg/provider/vault/cached_client.go:148.35,150.4 1 0
github.com/external-secrets/external-secrets/pkg/provider/vault/cached_client.go:155.38,159.54 3 0
github.com/external-secrets/external-secrets/pkg/provider/vault/cached_client.go:159.54,161.17 2 0
github.com/external-secrets/external-secrets/pkg/provider/vault/cached_client.go:161.17,165.29 3 0
github.com/external-secrets/external-secrets/pkg/provider/vault/cached_client.go:165.29,168.13 3 0
github.com/external-secrets/external-secrets/pkg/provider/vault/cached_client.go:172.4,174.14 3 0
github.com/external-secrets/external-secrets/pkg/provider/vault/cached_client.go:178.3,179.17 2 0
github.com/external-secrets/external-secrets/pkg/provider/vault/cached_client.go:179.17,182.4 2 0
github.com/external-secrets/external-secrets/pkg/provider/vault/cached_client.go:185.3,186.17 2 0
github.com/external-secrets/external-secrets/pkg/provider/vault/cached_client.go:186.17,190.29 3 0
github.com/external-secrets/external-secrets/pkg/provider/vault/cached_client.go:190.29,193.13 3 0
github.com/external-secrets/external-secrets/pkg/provider/vault/cached_client.go:197.4,199.14 3 0
github.com/external-secrets/external-secrets/pkg/provider/vault/cached_client.go:202.3,206.13 3 0
github.com/external-secrets/external-secrets/pkg/provider/vault/cached_client.go:209.2,209.12 1 0
github.com/external-secrets/external-secrets/pkg/provider/vault/cached_client.go:213.40,217.25 3 0
github.com/external-secrets/external-secrets/pkg/provider/vault/cached_client.go:217.25,221.3 3 0
github.com/external-secrets/external-secrets/pkg/provider/vault/cached_client.go:225.43,227.16 2 0
github.com/external-secrets/external-secrets/pkg/provider/vault/cached_client.go:227.16,229.3 1 0
github.com/external-secrets/external-secrets/pkg/provider/vault/cached_client.go:230.2,231.18 2 0
github.com/external-secrets/external-secrets/pkg/provider/vault/circuit_breaker.go:56.59,64.2 1 1
github.com/external-secrets/external-secrets/pkg/provider/vault/circuit_breaker.go:68.51,73.13 4 1
github.com/external-secrets/external-secrets/pkg/provider/vault/circuit_breaker.go:73.13,75.3 1 1
github.com/external-secrets/external-secrets/pkg/provider/vault/circuit_breaker.go:78.2,78.33 1 1
github.com/external-secrets/external-secrets/pkg/provider/vault/circuit_breaker.go:78.33,85.3 6 1
github.com/external-secrets/external-secrets/pkg/provider/vault/circuit_breaker.go:87.2,87.100 1 1
github.com/external-secrets/external-secrets/pkg/provider/vault/circuit_breaker.go:91.53,98.2 5 1
github.com/external-secrets/external-secrets/pkg/provider/vault/circuit_breaker.go:101.53,110.38 6 1
github.com/external-secrets/external-secrets/pkg/provider/vault/circuit_breaker.go:110.38,112.3 1 1
github.com/external-secrets/external-secrets/pkg/provider/vault/circuit_breaker.go:117.54,119.2 1 1
github.com/external-secrets/external-secrets/pkg/provider/vault/client.go:55.72,59.61 3 1
github.com/external-secrets/external-secrets/pkg/provider/vault/client.go:59.61,68.17 3 1
github.com/external-secrets/external-secrets/pkg/provider/vault/client.go:68.17,70.4 1 1
github.com/external-secrets/external-secrets/pkg/provider/vault/client.go:71.3,72.10 2 1
github.com/external-secrets/external-secrets/pkg/provider/vault/client.go:72.10,74.4 1 0
github.com/external-secrets/external-secrets/pkg/provider/vault/client.go:76.3,76.70 1 1
github.com/external-secrets/external-secrets/pkg/provider/vault/client.go:76.70,78.4 1 1
github.com/external-secrets/external-secrets/pkg/provider/vault/client.go:81.2,82.16 2 1
github.com/external-secrets/external-secrets/pkg/provider/vault/client.go:82.16,84.3 1 1
github.com/external-secrets/external-secrets/pkg/provider/vault/client.go:87.2,89.17 2 1
github.com/external-secrets/external-secrets/pkg/provider/vault/client.go:92.83,94.69 2 1
github.com/external-secrets/external-secrets/pkg/provider/vault/client.go:94.69,95.39 1 1
github.com/external-secrets/external-secrets/pkg/provider/vault/client.go:95.39,97.4 1 1
github.com/external-secrets/external-secrets/pkg/provider/vault/client.go:98.3,99.17 2 1
github.com/external-secrets/external-secrets/pkg/provider/vault/client.go:99.17,101.4 1 0
github.com/external-secrets/external-secrets/pkg/provider/vault/client.go:103.3,103.40 1 1
github.com/external-secrets/external-secrets/pkg/provider/vault/client.go:103.40,105.4 1 1
github.com/external-secrets/external-secrets/pkg/provider/vault/client.go:106.3,107.17 2 1
github.com/external-secrets/external-secrets/pkg/provider/vault/client.go:107.17,109.4 1 0
github.com/external-secrets/external-secrets/pkg/provider/vault/client.go:111.3,112.17 2 1
github.com/external-secrets/external-secrets/pkg/provider/vault/client.go:112.17,114.4 1 1
github.com/external-secrets/external-secrets/pkg/provider/vault/client.go:116.3,116.70 1 1
github.com/external-secrets/external-secrets/pkg/provider/vault/client.go:116.70,118.4 1 1
github.com/external-secrets/external-secrets/pkg/provider/vault/client.go:120.2,120.12 1 1
github.com/external-secrets/external-secrets/pkg/provider/vault/client.go:123.51,125.20 1 0
github.com/external-secrets/external-secrets/pkg/provider/vault/client.go:125.20,127.3 1 0
github.com/external-secrets/external-secrets/pkg/provider/vault/client.go:131.2,131.105 1 0
github.com/external-secrets/external-secrets/pkg/provider/vault/client.go:131.105,133.17 2 0
github.com/external-secrets/external-secrets/pkg/provider/vault/client.go:133.17,135.4 1 0
github.com/external-secrets/external-secrets/pkg/provider/vault/client.go:137.2,137.12 1 0
github.com/external-secrets/external-secrets/pkg/provider/vault/client_get.go:49.103,52.66 3 1
github.com/external-secrets/external-secrets/pkg/provider/vault/client_get.go:52.66,53.45 1 1
github.com/external-secrets/external-secrets/pkg/provider/vault/client_get.go:53.45,55.4 1 1
github.com/external-secrets/external-secrets/pkg/provider/vault/client_get.go:57.3,58.17 2 1
github.com/external-secrets/external-secrets/pkg/provider/vault/client_get.go:58.17,60.4 1 1
github.com/external-secrets/external-secrets/pkg/provider/vault/client_get.go:61.3,61.25 1 1
github.com/external-secrets/external-secrets/pkg/provider/vault/client_get.go:61.25,63.4 1 0
github.com/external-secrets/external-secrets/pkg/provider/vault/client_get.go:64.3,65.30 2 1
github.com/external-secrets/external-secrets/pkg/provider/vault/client_get.go:65.30,67.4 1 1
github.com/external-secrets/external-secrets/pkg/provider/vault/client_get.go:68.8,70.17 2 1
github.com/external-secrets/external-secrets/pkg/provider/vault/client_get.go:70.17,72.4 1 1
github.com/external-secrets/external-secrets/pkg/provider/vault/client_get.go:75.2,75.43 1 1
github.com/external-secrets/external-secrets/pkg/provider/vault/client_get.go:81.117,83.16 2 1
github.com/external-secrets/external-secrets/pkg/provider/vault/client_get.go:83.16,85.3 1 1
github.com/external-secrets/external-secrets/pkg/provider/vault/client_get.go:87.2,89.16 3 1
github.com/external-secrets/external-secrets/pkg/provider/vault/client_get.go:89.16,91.3 1 0
github.com/external-secrets/external-secrets/pkg/provider/vault/client_get.go:92.2,93.28 2 1
github.com/external-secrets/external-secrets/pkg/provider/vault/client_get.go:93.28,95.17 2 1
github.com/external-secrets/external-secrets/pkg/provider/vault/client_get.go:95.17,97.4 1 0
github.com/external-secrets/external-secrets/pkg/provider/vault/client_get.go:100.2,100.21 1 1
github.com/external-secrets/external-secrets/pkg/provider/vault/client_get.go:103.96,106.16 3 1
github.com/external-secrets/external-secrets/pkg/provider/vault/client_get.go:106.16,107.43 1 1
github.com/external-secrets/external-secrets/pkg/provider/vault/client_get.go:107.43,109.4 1 1
github.com/external-secrets/external-secrets/pkg/provider/vault/client_get.go:110.3,110.20 1 1
github.com/external-secrets/external-secrets/pkg/provider/vault/client_get.go:112.2,113.16 2 1
github.com/external-secrets/external-secrets/pkg/provider/vault/client_get.go:113.16,114.109 1 1
github.com/external-secrets/external-secrets/pkg/provider/vault/client_get.go:114.109,116.4 1 1
github.com/external-secrets/external-secrets/pkg/provider/vault/client_get.go:117.3,117.20 1 0
github.com/external-secrets/external-secrets/pkg/provider/vault/client_get.go:119.2,119.26 1 1
github.com/external-secrets/external-secrets/pkg/provider/vault/client_get.go:122.96,129.19 3 1
github.com/external-secrets/external-secrets/pkg/provider/vault/client_get.go:129.19,132.3 2 0
github.com/external-secrets/external-secrets/pkg/provider/vault/client_get.go:133.2,135.16 3 1
github.com/external-secrets/external-secrets/pkg/provider/vault/client_get.go:135.16,137.3 1 1
github.com/external-secrets/external-secrets/pkg/provider/vault/client_get.go:138.2,138.24 1 1
github.com/external-secrets/external-secrets/pkg/provider/vault/client_get.go:138.24,140.3 1 1
github.com/external-secrets/external-secrets/pkg/provider/vault/client_get.go:141.2,142.44 2 1
github.com/external-secrets/external-secrets/pkg/provider/vault/client_get.go:142.44,146.10 2 1
github.com/external-secrets/external-secrets/pkg/provider/vault/client_get.go:146.10,148.4 1 0
github.com/external-secrets/external-secrets/pkg/provider/vault/client_get.go:149.3,149.21 1 1
github.com/external-secrets/external-secrets/pkg/provider/vault/client_get.go:149.21,151.4 1 1
github.com/external-secrets/external-secrets/pkg/provider/vault/client_get.go:152.3,153.10 2 1
github.com/external-secrets/external-secrets/pkg/provider/vault/client_get.go:153.10,155.4 1 0
github.com/external-secrets/external-secrets/pkg/provider/vault/client_get.go:158.2,158.24 1 1
github.com/external-secrets/external-secrets/pkg/provider/vault/client_get.go:161.75,162.17 1 1
github.com/external-secrets/external-secrets/pkg/provider/vault/client_get.go:162.17,164.3 1 0
github.com/external-secrets/external-secrets/pkg/provider/vault/client_get.go:165.2,166.16 2 1
github.com/external-secrets/external-secrets/pkg/provider/vault/client_get.go:166.16,168.3 1 0
github.com/external-secrets/external-secrets/pkg/provider/vault/client_get.go:170.2,170.20 1 1
github.com/external-secrets/external-secrets/pkg/provider/vault/client_get.go:170.20,172.3 1 1
github.com/external-secrets/external-secrets/pkg/provider/vault/client_get.go:177.2,177.33 1 1
github.com/external-secrets/external-secrets/pkg/provider/vault/client_get.go:177.33,179.3 1 1
github.com/external-secrets/external-secrets/pkg/provider/vault/client_get.go:182.2,183.19 2 1
github.com/external-secrets/external-secrets/pkg/provider/vault/client_get.go:183.19,185.3 1 1
github.com/external-secrets/external-secrets/pkg/provider/vault/client_get.go:186.2,186.34 1 1
github.com/external-secrets/external-secrets/pkg/provider/vault/client_get.go:189.98,192.16 3 1
github.com/external-secrets/external-secrets/pkg/provider/vault/client_get.go:192.16,194.3 1 0
github.com/external-secrets/external-secrets/pkg/provider/vault/client_get.go:195.2,197.16 3 1
github.com/external-secrets/external-secrets/pkg/provider/vault/client_get.go:197.16,199.3 1 0
github.com/external-secrets/external-secrets/pkg/provider/vault/client_get.go:200.2,200.19 1 1
github.com/external-secrets/external-secrets/pkg/provider/vault/client_get.go:200.19,202.3 1 1
github.com/external-secrets/external-secrets/pkg/provider/vault/client_get.go:203.2,204.9 2 1
github.com/external-secrets/external-secrets/pkg/provider/vault/client_get.go:204.9,206.3 1 1
github.com/external-secrets/external-secrets/pkg/provider/vault/client_get.go:207.2,208.9 2 1
github.com/external-secrets/external-secrets/pkg/provider/vault/client_get.go:208.9,210.3 1 0
github.com/external-secrets/external-secrets/pkg/provider/vault/client_get.go:211.2,211.22 1 1
github.com/external-secrets/external-secrets/pkg/provider/vault/client_get.go:211.22,213.3 1 1
github.com/external-secrets/external-secrets/pkg/provider/vault/client_get.go:214.2,214.22 1 1
github.com/external-secrets/external-secrets/pkg/provider/vault/client_get.go:217.65,219.44 2 1
github.com/external-secrets/external-secrets/pkg/provider/vault/client_get.go:219.44,221.3 1 1
github.com/external-secrets/external-secrets/pkg/provider/vault/client_get.go:221.8,222.61 1 1
github.com/external-secrets/external-secrets/pkg/provider/vault/client_get.go:222.61,224.4 1 0
github.com/external-secrets/external-secrets/pkg/provider/vault/client_get.go:225.3,225.26 1 1
github.com/external-secrets/external-secrets/pkg/provider/vault/client_get.go:225.26,228.4 2 1
github.com/external-secrets/external-secrets/pkg/provider/vault/client_get.go:228.9,230.4 1 1
github.com/external-secrets/external-secrets/pkg/provider/vault/client_get.go:232.2,232.17 1 1
github.com/external-secrets/external-secrets/pkg/provider/vault/client_get.go:276.48,280.26 3 1
github.com/external-secrets/external-secrets/pkg/provider/vault/client_get.go:280.26,282.34 2 1
github.com/external-secrets/external-secrets/pkg/provider/vault/client_get.go:282.34,286.81 2 1
github.com/external-secrets/external-secrets/pkg/provider/vault/client_get.go:286.81,288.5 1 1
github.com/external-secrets/external-secrets/pkg/provider/vault/client_get.go:290.3,292.45 3 1
github.com/external-secrets/external-secrets/pkg/provider/vault/client_get.go:292.45,294.4 1 1
github.com/external-secrets/external-secrets/pkg/provider/vault/client_get.go:295.3,297.13 3 1
github.com/external-secrets/external-secrets/pkg/provider/vault/client_get.go:299.2,299.80 1 1
github.com/external-secrets/external-secrets/pkg/provider/vault/client_get.go:299.80,305.3 5 1
github.com/external-secrets/external-secrets/pkg/provider/vault/client_get.go:306.2,306.12 1 1
github.com/external-secrets/external-secrets/pkg/provider/vault/client_get_all_secrets.go:38.109,39.63 1 1
github.com/external-secrets/external-secrets/pkg/provider/vault/client_get_all_secrets.go:39.63,41.3 1 1
github.com/external-secrets/external-secrets/pkg/provider/vault/client_get_all_secrets.go:42.2,43.21 2 1
github.com/external-secrets/external-secrets/pkg/provider/vault/client_get_all_secrets.go:43.21,45.3 1 1
github.com/external-secrets/external-secrets/pkg/provider/vault/client_get_all_secrets.go:46.2,47.16 2 1
github.com/external-secrets/external-secrets/pkg/provider/vault/client_get_all_secrets.go:47.16,49.3 1 1
github.com/external-secrets/external-secrets/pkg/provider/vault/client_get_all_secrets.go:50.2,50.21 1 1
github.com/external-secrets/external-secrets/pkg/provider/vault/client_get_all_secrets.go:50.21,52.3 1 1
github.com/external-secrets/external-secrets/pkg/provider/vault/client_get_all_secrets.go:53.2,53.63 1 1
github.com/external-secrets/external-secrets/pkg/provider/vault/client_get_all_secrets.go:56.131,58.34 2 1
github.com/external-secrets/external-secrets/pkg/provider/vault/client_get_all_secrets.go:58.34,61.17 3 1
github.com/external-secrets/external-secrets/pkg/provider/vault/client_get_all_secrets.go:61.17,63.4 1 1
github.com/external-secrets/external-secrets/pkg/provider/vault/client_get_all_secrets.go:64.3,64.28 1 1
github.com/external-secrets/external-secrets/pkg/provider/vault/client_get_all_secrets.go:64.28,66.22 2 1
github.com/external-secrets/external-secrets/pkg/provider/vault/client_get_all_secrets.go:66.22,68.10 2 1
github.com/external-secrets/external-secrets/pkg/provider/vault/client_get_all_secrets.go:71.3,71.12 1 1
github.com/external-secrets/external-secrets/pkg/provider/vault/client_get_all_secrets.go:71.12,73.44 2 1
github.com/external-secrets/external-secrets/pkg/provider/vault/client_get_all_secrets.go:73.44,74.13 1 1
github.com/external-secrets/external-secrets/pkg/provider/vault/client_get_all_secrets.go:76.4,76.18 1 1
github.com/external-secrets/external-secrets/pkg/provider/vault/client_get_all_secrets.go:76.18,78.5 1 0
github.com/external-secrets/external-secrets/pkg/provider/vault/client_get_all_secrets.go:79.4,79.21 1 1
github.com/external-secrets/external-secrets/pkg/provider/vault/client_get_all_secrets.go:79.21,81.5 1 1
github.com/external-secrets/external-secrets/pkg/provider/vault/client_get_all_secrets.go:84.2,84.21 1 1
github.com/external-secrets/external-secrets/pkg/provider/vault/client_get_all_secrets.go:87.126,90.16 3 1
github.com/external-secrets/external-secrets/pkg/provider/vault/client_get_all_secrets.go:90.16,92.3 1 0
github.com/external-secrets/external-secrets/pkg/provider/vault/client_get_all_secrets.go:93.2,93.34 1 1
github.com/external-secrets/external-secrets/pkg/provider/vault/client_get_all_secrets.go:93.34,95.9 2 1
github.com/external-secrets/external-secrets/pkg/provider/vault/client_get_all_secrets.go:95.9,97.44 2 1
github.com/external-secrets/external-secrets/pkg/provider/vault/client_get_all_secrets.go:97.44,98.13 1 1
github.com/external-secrets/external-secrets/pkg/provider/vault/client_get_all_secrets.go:100.4,100.18 1 1
github.com/external-secrets/external-secrets/pkg/provider/vault/client_get_all_secrets.go:100.18,102.5 1 0
github.com/external-secrets/external-secrets/pkg/provider/vault/client_get_all_secrets.go:103.4,103.21 1 1
github.com/external-secrets/external-secrets/pkg/provider/vault/client_get_all_secrets.go:103.21,105.5 1 1
github.com/external-secrets/external-secrets/pkg/provider/vault/client_get_all_secrets.go:108.2,108.21 1 1
github.com/external-secrets/external-secrets/pkg/provider/vault/client_get_all_secrets.go:111.82,114.16 3 1
github.com/external-secrets/external-secrets/pkg/provider/vault/client_get_all_secrets.go:114.16,116.3 1 0
github.com/external-secrets/external-secrets/pkg/provider/vault/client_get_all_secrets.go:117.2,119.16 3 1
github.com/external-secrets/external-secrets/pkg/provider/vault/client_get_all_secrets.go:119.16,121.3 1 0
github.com/external-secrets/external-secrets/pkg/provider/vault/client_get_all_secrets.go:122.2,122.19 1 1
github.com/external-secrets/external-secrets/pkg/provider/vault/client_get_all_secrets.go:122.19,124.3 1 1
github.com/external-secrets/external-secrets/pkg/provider/vault/client_get_all_secrets.go:125.2,126.9 2 1
github.com/external-secrets/external-secrets/pkg/provider/vault/client_get_all_secrets.go:126.9,128.3 1 0
github.com/external-secrets/external-secrets/pkg/provider/vault/client_get_all_secrets.go:129.2,130.26 2 1
github.com/external-secrets/external-secrets/pkg/provider/vault/client_get_all_secrets.go:130.26,133.17 3 1
github.com/external-secrets/external-secrets/pkg/provider/vault/client_get_all_secrets.go:133.17,135.4 1 1
github.com/external-secrets/external-secrets/pkg/provider/vault/client_get_all_secrets.go:137.3,137.42 1 1
github.com/external-secrets/external-secrets/pkg/provider/vault/client_get_all_secrets.go:137.42,139.4 1 1
github.com/external-secrets/external-secrets/pkg/provider/vault/client_get_all_secrets.go:139.9,141.18 2 1
github.com/external-secrets/external-secrets/pkg/provider/vault/client_get_all_secrets.go:141.18,143.5 1 0
github.com/external-secrets/external-secrets/pkg/provider/vault/client_get_all_secrets.go:144.4,144.41 1 1
github.com/external-secrets/external-secrets/pkg/provider/vault/client_get_all_secrets.go:147.2,147.21 1 1
github.com/external-secrets/external-secrets/pkg/provider/vault/client_pool_cache.go:67.50,69.22 1 1
github.com/external-secrets/external-secrets/pkg/provider/vault/client_pool_cache.go:69.22,71.3 1 1
github.com/external-secrets/external-secrets/pkg/provider/vault/client_pool_cache.go:72.2,72.30 1 1
github.com/external-secrets/external-secrets/pkg/provider/vault/client_pool_cache.go:72.30,74.3 1 1
github.com/external-secrets/external-secrets/pkg/provider/vault/client_pool_cache.go:75.2,75.59 1 1
github.com/external-secrets/external-secrets/pkg/provider/vault/client_pool_cache.go:75.59,77.3 1 1
github.com/external-secrets/external-secrets/pkg/provider/vault/client_pool_cache.go:78.2,78.62 1 1
github.com/external-secrets/external-secrets/pkg/provider/vault/client_pool_cache.go:78.62,80.3 1 1
github.com/external-secrets/external-secrets/pkg/provider/vault/client_pool_cache.go:83.2,83.84 1 1
github.com/external-secrets/external-secrets/pkg/provider/vault/client_pool_cache.go:83.84,87.3 2 0
github.com/external-secrets/external-secrets/pkg/provider/vault/client_pool_cache.go:88.2,88.16 1 1
github.com/external-secrets/external-secrets/pkg/provider/vault/client_pool_cache.go:88.16,90.60 1 0
github.com/external-secrets/external-secrets/pkg/provider/vault/client_pool_cache.go:93.2,101.23 2 1
github.com/external-secrets/external-secrets/pkg/provider/vault/client_pool_cache.go:101.23,104.3 2 1
github.com/external-secrets/external-secrets/pkg/provider/vault/client_pool_cache.go:107.2,111.10 4 1
github.com/external-secrets/external-secrets/pkg/provider/vault/client_pool_cache.go:115.99,120.22 2 1
github.com/external-secrets/external-secrets/pkg/provider/vault/client_pool_cache.go:120.22,122.53 2 1
github.com/external-secrets/external-secrets/pkg/provider/vault/client_pool_cache.go:122.53,126.4 3 1
github.com/external-secrets/external-secrets/pkg/provider/vault/client_pool_cache.go:130.2,131.40 2 1
github.com/external-secrets/external-secrets/pkg/provider/vault/client_pool_cache.go:131.40,141.3 6 0
github.com/external-secrets/external-secrets/pkg/provider/vault/client_pool_cache.go:142.2,147.71 3 1
github.com/external-secrets/external-secrets/pkg/provider/vault/client_pool_cache.go:147.71,150.41 2 1
github.com/external-secrets/external-secrets/pkg/provider/vault/client_pool_cache.go:150.41,154.4 3 0
github.com/external-secrets/external-secrets/pkg/provider/vault/client_pool_cache.go:155.3,160.17 4 1
github.com/external-secrets/external-secrets/pkg/provider/vault/client_pool_cache.go:160.17,162.24 1 1
github.com/external-secrets/external-secrets/pkg/provider/vault/client_pool_cache.go:162.24,165.5 2 1
github.com/external-secrets/external-secrets/pkg/provider/vault/client_pool_cache.go:166.4,167.19 2 1
github.com/external-secrets/external-secrets/pkg/provider/vault/client_pool_cache.go:171.3,171.23 1 1
github.com/external-secrets/external-secrets/pkg/provider/vault/client_pool_cache.go:171.23,174.4 2 0
github.com/external-secrets/external-secrets/pkg/provider/vault/client_pool_cache.go:177.3,183.21 6 1
github.com/external-secrets/external-secrets/pkg/provider/vault/client_pool_cache.go:186.2,186.16 1 1
github.com/external-secrets/external-secrets/pkg/provider/vault/client_pool_cache.go:186.16,188.3 1 1
github.com/external-secrets/external-secrets/pkg/provider/vault/client_pool_cache.go:190.2,196.68 4 1
github.com/external-secrets/external-secrets/pkg/provider/vault/client_pool_cache.go:200.59,203.27 2 1
github.com/external-secrets/external-secrets/pkg/provider/vault/client_pool_cache.go:203.27,210.13 4 1
github.com/external-secrets/external-secrets/pkg/provider/vault/client_pool_cache.go:210.13,215.39 3 1
github.com/external-secrets/external-secrets/pkg/provider/vault/client_pool_cache.go:215.39,216.44 1 0
github.com/external-secrets/external-secrets/pkg/provider/vault/client_pool_cache.go:216.44,218.37 2 0
github.com/external-secrets/external-secrets/pkg/provider/vault/client_pool_cache.go:218.37,220.7 1 0
github.com/external-secrets/external-secrets/pkg/provider/vault/client_pool_cache.go:220.12,222.7 1 0
github.com/external-secrets/external-secrets/pkg/provider/vault/client_pool_cache.go:225.4,227.15 3 1
github.com/external-secrets/external-secrets/pkg/provider/vault/client_pool_cache.go:230.3,230.10 1 1
github.com/external-secrets/external-secrets/pkg/provider/vault/client_pool_cache.go:231.15,233.21 2 1
github.com/external-secrets/external-secrets/pkg/provider/vault/client_pool_cache.go:234.21,236.27 2 1
github.com/external-secrets/external-secrets/pkg/provider/vault/client_pool_cache.go:240.2,240.20 1 1
github.com/external-secrets/external-secrets/pkg/provider/vault/client_pool_cache.go:244.37,245.6 1 1
github.com/external-secrets/external-secrets/pkg/provider/vault/client_pool_cache.go:245.6,246.10 1 1
github.com/external-secrets/external-secrets/pkg/provider/vault/client_pool_cache.go:247.28,248.22 1 1
github.com/external-secrets/external-secrets/pkg/provider/vault/client_pool_cache.go:249.23,250.10 1 1
github.com/external-secrets/external-secrets/pkg/provider/vault/client_pool_cache.go:256.40,264.37 5 1
github.com/external-secrets/external-secrets/pkg/provider/vault/client_pool_cache.go:264.37,266.10 2 0
github.com/external-secrets/external-secrets/pkg/provider/vault/client_pool_cache.go:266.10,267.12 1 0
github.com/external-secrets/external-secrets/pkg/provider/vault/client_pool_cache.go:271.3,271.59 1 0
github.com/external-secrets/external-secrets/pkg/provider/vault/client_pool_cache.go:271.59,275.12 4 0
github.com/external-secrets/external-secrets/pkg/provider/vault/client_pool_cache.go:279.3,279.26 1 0
github.com/external-secrets/external-secrets/pkg/provider/vault/client_pool_cache.go:279.26,281.29 2 0
github.com/external-secrets/external-secrets/pkg/provider/vault/client_pool_cache.go:281.29,284.36 2 0
github.com/external-secrets/external-secrets/pkg/provider/vault/client_pool_cache.go:284.36,288.6 3 0
github.com/external-secrets/external-secrets/pkg/provider/vault/client_pool_cache.go:288.11,290.6 1 0
github.com/external-secrets/external-secrets/pkg/provider/vault/client_pool_cache.go:296.2,296.35 1 1
github.com/external-secrets/external-secrets/pkg/provider/vault/client_pool_cache.go:296.35,298.3 1 0
github.com/external-secrets/external-secrets/pkg/provider/vault/client_pool_cache.go:300.2,300.27 1 1
github.com/external-secrets/external-secrets/pkg/provider/vault/client_pool_cache.go:300.27,303.3 2 0
github.com/external-secrets/external-secrets/pkg/provider/vault/client_pool_cache.go:307.104,310.16 2 1
github.com/external-secrets/external-secrets/pkg/provider/vault/client_pool_cache.go:310.16,312.3 1 0
github.com/external-secrets/external-secrets/pkg/provider/vault/client_pool_cache.go:315.2,315.39 1 1
github.com/external-secrets/external-secrets/pkg/provider/vault/client_pool_cache.go:315.39,317.3 1 0
github.com/external-secrets/external-secrets/pkg/provider/vault/client_pool_cache.go:320.2,320.37 1 1
github.com/external-secrets/external-secrets/pkg/provider/vault/client_pool_cache.go:320.37,321.52 1 0
github.com/external-secrets/external-secrets/pkg/provider/vault/client_pool_cache.go:321.52,323.4 1 0
github.com/external-secrets/external-secrets/pkg/provider/vault/client_pool_cache.go:327.2,327.77 1 1
github.com/external-secrets/external-secrets/pkg/provider/vault/client_pool_cache.go:327.77,329.3 1 0
github.com/external-secrets/external-secrets/pkg/provider/vault/client_pool_cache.go:332.2,346.68 2 1
github.com/external-secrets/external-secrets/pkg/provider/vault/client_pool_cache.go:346.68,348.3 1 1
github.com/external-secrets/external-secrets/pkg/provider/vault/client_pool_cache.go:350.2,350.25 1 1
github.com/external-secrets/external-secrets/pkg/provider/vault/client_pool_cache.go:354.117,355.41 1 1
github.com/external-secrets/external-secrets/pkg/provider/vault/client_pool_cache.go:355.41,372.3 2 0
github.com/external-secrets/external-secrets/pkg/provider/vault/client_pool_cache.go:376.55,386.34 4 1
github.com/external-secrets/external-secrets/pkg/provider/vault/client_pool_cache.go:386.34,389.3 2 1
github.com/external-secrets/external-secrets/pkg/provider/vault/client_pool_cache.go:392.2,392.38 1 1
github.com/external-secrets/external-secrets/pkg/provider/vault/client_pool_cache.go:392.38,394.3 1 0
github.com/external-secrets/external-secrets/pkg/provider/vault/client_pool_cache.go:397.2,397.39 1 1
github.com/external-secrets/external-secrets/pkg/provider/vault/client_pool_cache.go:397.39,399.3 1 0
github.com/external-secrets/external-secrets/pkg/provider/vault/client_pool_cache.go:402.2,406.38 4 1
github.com/external-secrets/external-secrets/pkg/provider/vault/client_pool_cache.go:410.53,411.22 1 1
github.com/external-secrets/external-secrets/pkg/provider/vault/client_pool_cache.go:411.22,413.3 1 1
github.com/external-secrets/external-secrets/pkg/provider/vault/client_pool_cache.go:414.2,414.30 1 1
github.com/external-secrets/external-secrets/pkg/provider/vault/client_pool_cache.go:414.30,416.3 1 1
github.com/external-secrets/external-secrets/pkg/provider/vault/client_pool_cache.go:417.2,417.33 1 1
github.com/external-secrets/external-secrets/pkg/provider/vault/client_pool_cache.go:417.33,419.3 1 1
github.com/external-secrets/external-secrets/pkg/provider/vault/client_pool_cache.go:420.2,420.27 1 1
github.com/external-secrets/external-secrets/pkg/provider/vault/client_pool_cache.go:420.27,422.3 1 1
github.com/external-secrets/external-secrets/pkg/provider/vault/client_pool_cache.go:423.2,423.26 1 1
github.com/external-secrets/external-secrets/pkg/provider/vault/client_pool_cache.go:423.26,425.3 1 1
github.com/external-secrets/external-secrets/pkg/provider/vault/client_pool_cache.go:426.2,426.27 1 1
github.com/external-secrets/external-secrets/pkg/provider/vault/client_pool_cache.go:426.27,428.3 1 1
github.com/external-secrets/external-secrets/pkg/provider/vault/client_pool_cache.go:429.2,429.37 1 1
github.com/external-secrets/external-secrets/pkg/provider/vault/client_pool_cache.go:429.37,431.3 1 1
github.com/external-secrets/external-secrets/pkg/provider/vault/client_pool_cache.go:432.2,432.26 1 1
github.com/external-secrets/external-secrets/pkg/provider/vault/client_pool_cache.go:432.26,434.3 1 1
github.com/external-secrets/external-secrets/pkg/provider/vault/client_pool_cache.go:435.2,435.31 1 1
github.com/external-secrets/external-secrets/pkg/provider/vault/client_pool_cache.go:435.31,437.3 1 1
github.com/external-secrets/external-secrets/pkg/provider/vault/client_pool_cache.go:438.2,438.18 1 0
github.com/external-secrets/external-secrets/pkg/provider/vault/client_pool_cache.go:442.51,444.2 1 1
github.com/external-secrets/external-secrets/pkg/provider/vault/client_pool_noop.go:35.30,37.2 1 1
github.com/external-secrets/external-secrets/pkg/provider/vault/client_pool_noop.go:40.96,43.16 2 0
github.com/external-secrets/external-secrets/pkg/provider/vault/client_pool_noop.go:43.16,45.3 1 0
github.com/external-secrets/external-secrets/pkg/provider/vault/client_pool_noop.go:48.2,48.39 1 0
github.com/external-secrets/external-secrets/pkg/provider/vault/client_pool_noop.go:48.39,50.3 1 0
github.com/external-secrets/external-secrets/pkg/provider/vault/client_pool_noop.go:53.2,53.37 1 0
github.com/external-secrets/external-secrets/pkg/provider/vault/client_pool_noop.go:53.37,54.52 1 0
github.com/external-secrets/external-secrets/pkg/provider/vault/client_pool_noop.go:54.52,56.4 1 0
github.com/external-secrets/external-secrets/pkg/provider/vault/client_pool_noop.go:60.2,60.77 1 0
github.com/external-secrets/external-secrets/pkg/provider/vault/client_pool_noop.go:60.77,62.3 1 0
github.com/external-secrets/external-secrets/pkg/provider/vault/client_pool_noop.go:65.2,79.68 2 0
github.com/external-secrets/external-secrets/pkg/provider/vault/client_pool_noop.go:79.68,81.3 1 0
github.com/external-secrets/external-secrets/pkg/provider/vault/client_pool_noop.go:83.2,86.8 1 0
github.com/external-secrets/external-secrets/pkg/provider/vault/client_pool_noop.go:90.56,92.2 1 1
github.com/external-secrets/external-secrets/pkg/provider/vault/client_pool_noop.go:101.42,103.2 1 0
github.com/external-secrets/external-secrets/pkg/provider/vault/client_pool_noop.go:106.86,108.2 1 0
github.com/external-secrets/external-secrets/pkg/provider/vault/client_pool_noop.go:111.37,113.28 1 0
github.com/external-secrets/external-secrets/pkg/provider/vault/client_pool_noop.go:113.28,115.3 1 0
github.com/external-secrets/external-secrets/pkg/provider/vault/client_pool_noop.go:116.2,116.12 1 0
github.com/external-secrets/external-secrets/pkg/provider/vault/client_push.go:35.105,41.15 3 1
github.com/external-secrets/external-secrets/pkg/provider/vault/client_push.go:41.15,44.33 2 1
github.com/external-secrets/external-secrets/pkg/provider/vault/client_push.go:44.33,46.4 1 1
github.com/external-secrets/external-secrets/pkg/provider/vault/client_push.go:47.3,48.17 2 1
github.com/external-secrets/external-secrets/pkg/provider/vault/client_push.go:48.17,50.4 1 0
github.com/external-secrets/external-secrets/pkg/provider/vault/client_push.go:51.8,53.3 1 1
github.com/external-secrets/external-secrets/pkg/provider/vault/client_push.go:54.2,62.16 5 1
github.com/external-secrets/external-secrets/pkg/provider/vault/client_push.go:62.16,64.3 1 0
github.com/external-secrets/external-secrets/pkg/provider/vault/client_push.go:67.2,69.57 2 1
github.com/external-secrets/external-secrets/pkg/provider/vault/client_push.go:69.57,71.3 1 1
github.com/external-secrets/external-secrets/pkg/provider/vault/client_push.go:73.2,75.18 2 1
github.com/external-secrets/external-secrets/pkg/provider/vault/client_push.go:75.18,77.17 2 1
github.com/external-secrets/external-secrets/pkg/provider/vault/client_push.go:77.17,79.4 1 0
github.com/external-secrets/external-secrets/pkg/provider/vault/client_push.go:80.3,81.43 2 1
github.com/external-secrets/external-secrets/pkg/provider/vault/client_push.go:81.43,83.4 1 1
github.com/external-secrets/external-secrets/pkg/provider/vault/client_push.go:86.2,86.44 1 1
github.com/external-secrets/external-secrets/pkg/provider/vault/client_push.go:86.44,88.3 1 1
github.com/external-secrets/external-secrets/pkg/provider/vault/client_push.go:89.2,93.16 5 1
github.com/external-secrets/external-secrets/pkg/provider/vault/client_push.go:93.16,95.3 1 0
github.com/external-secrets/external-secrets/pkg/provider/vault/client_push.go:96.2,97.42 2 1
github.com/external-secrets/external-secrets/pkg/provider/vault/client_push.go:97.42,99.3 1 1
github.com/external-secrets/external-secrets/pkg/provider/vault/client_push.go:101.2,101.30 1 1
github.com/external-secrets/external-secrets/pkg/provider/vault/client_push.go:101.30,102.51 1 1
github.com/external-secrets/external-secrets/pkg/provider/vault/client_push.go:102.51,104.11 2 1
github.com/external-secrets/external-secrets/pkg/provider/vault/client_push.go:104.11,106.5 1 0
github.com/external-secrets/external-secrets/pkg/provider/vault/client_push.go:108.4,108.37 1 1
github.com/external-secrets/external-secrets/pkg/provider/vault/client_push.go:108.37,110.5 1 1
github.com/external-secrets/external-secrets/pkg/provider/vault/client_push.go:112.3,114.48 2 1
github.com/external-secrets/external-secrets/pkg/provider/vault/client_push.go:115.8,117.17 2 1
github.com/external-secrets/external-secrets/pkg/provider/vault/client_push.go:117.17,119.4 1 0
github.com/external-secrets/external-secrets/pkg/provider/vault/client_push.go:121.2,123.44 2 1
github.com/external-secrets/external-secrets/pkg/provider/vault/client_push.go:123.44,125.3 1 1
github.com/external-secrets/external-secrets/pkg/provider/vault/client_push.go:126.2,126.44 1 1
github.com/external-secrets/external-secrets/pkg/provider/vault/client_push.go:126.44,132.65 2 1
github.com/external-secrets/external-secrets/pkg/provider/vault/client_push.go:132.65,134.21 2 1
github.com/external-secrets/external-secrets/pkg/provider/vault/client_push.go:134.21,136.5 1 0
github.com/external-secrets/external-secrets/pkg/provider/vault/client_push.go:138.4,140.5 1 1
github.com/external-secrets/external-secrets/pkg/provider/vault/client_push.go:143.2,143.16 1 1
github.com/external-secrets/external-secrets/pkg/provider/vault/client_push.go:143.16,145.3 1 0
github.com/external-secrets/external-secrets/pkg/provider/vault/client_push.go:147.2,147.44 1 1
github.com/external-secrets/external-secrets/pkg/provider/vault/client_push.go:147.44,150.17 3 1
github.com/external-secrets/external-secrets/pkg/provider/vault/client_push.go:150.17,152.4 1 1
github.com/external-secrets/external-secrets/pkg/provider/vault/client_push.go:155.2,157.12 3 1
github.com/external-secrets/external-secrets/pkg/provider/vault/client_push.go:160.94,163.16 3 1
github.com/external-secrets/external-secrets/pkg/provider/vault/client_push.go:163.16,165.3 1 0
github.com/external-secrets/external-secrets/pkg/provider/vault/client_push.go:167.2,169.56 2 1
github.com/external-secrets/external-secrets/pkg/provider/vault/client_push.go:169.56,171.3 1 1
github.com/external-secrets/external-secrets/pkg/provider/vault/client_push.go:172.2,172.16 1 1
github.com/external-secrets/external-secrets/pkg/provider/vault/client_push.go:172.16,174.3 1 1
github.com/external-secrets/external-secrets/pkg/provider/vault/client_push.go:175.2,176.16 2 1
github.com/external-secrets/external-secrets/pkg/provider/vault/client_push.go:176.16,178.3 1 0
github.com/external-secrets/external-secrets/pkg/provider/vault/client_push.go:179.2,180.42 2 1
github.com/external-secrets/external-secrets/pkg/provider/vault/client_push.go:180.42,182.3 1 1
github.com/external-secrets/external-secrets/pkg/provider/vault/client_push.go:184.2,184.35 1 1
github.com/external-secrets/external-secrets/pkg/provider/vault/client_push.go:184.35,187.68 2 1
github.com/external-secrets/external-secrets/pkg/provider/vault/client_push.go:187.68,189.4 1 1
github.com/external-secrets/external-secrets/pkg/provider/vault/client_push.go:190.3,190.25 1 1
github.com/external-secrets/external-secrets/pkg/provider/vault/client_push.go:190.25,192.46 2 1
github.com/external-secrets/external-secrets/pkg/provider/vault/client_push.go:192.46,196.5 1 1
github.com/external-secrets/external-secrets/pkg/provider/vault/client_push.go:197.4,199.14 3 1
github.com/external-secrets/external-secrets/pkg/provider/vault/client_push.go:202.2,204.16 3 1
github.com/external-secrets/external-secrets/pkg/provider/vault/client_push.go:204.16,206.3 1 1
github.com/external-secrets/external-secrets/pkg/provider/vault/client_push.go:207.2,207.44 1 1
github.com/external-secrets/external-secrets/pkg/provider/vault/client_push.go:207.44,210.17 3 1
github.com/external-secrets/external-secrets/pkg/provider/vault/client_push.go:210.17,212.4 1 0
github.com/external-secrets/external-secrets/pkg/provider/vault/client_push.go:214.2,214.12 1 1
github.com/external-secrets/external-secrets/pkg/provider/vault/client_push.go:221.103,223.19 1 1
github.com/external-secrets/external-secrets/pkg/provider/vault/client_push.go:223.19,225.3 1 1
github.com/external-secrets/external-secrets/pkg/provider/vault/client_push.go:228.2,229.16 2 1
github.com/external-secrets/external-secrets/pkg/provider/vault/client_push.go:229.16,231.3 1 0
github.com/external-secrets/external-secrets/pkg/provider/vault/client_push.go:233.2,234.16 2 1
github.com/external-secrets/external-secrets/pkg/provider/vault/client_push.go:234.16,236.3 1 0
github.com/external-secrets/external-secrets/pkg/provider/vault/client_push.go:238.2,238.41 1 1
github.com/external-secrets/external-secrets/pkg/provider/vault/client_push.go:238.41,243.3 1 0
github.com/external-secrets/external-secrets/pkg/provider/vault/client_push.go:245.2,245.51 1 1
github.com/external-secrets/external-secrets/pkg/provider/vault/client_push.go:248.70,250.55 2 1
github.com/external-secrets/external-secrets/pkg/provider/vault/client_push.go:250.55,251.37 1 1
github.com/external-secrets/external-secrets/pkg/provider/vault/client_push.go:252.12,253.17 1 1
github.com/external-secrets/external-secrets/pkg/provider/vault/client_push.go:254.16,255.22 1 0
github.com/external-secrets/external-secrets/pkg/provider/vault/client_push.go:256.20,257.44 1 0
github.com/external-secrets/external-secrets/pkg/provider/vault/client_push.go:257.44,259.5 1 0
github.com/external-secrets/external-secrets/pkg/provider/vault/client_push.go:260.4,260.73 1 0
github.com/external-secrets/external-secrets/pkg/provider/vault/client_push.go:261.11,262.83 1 0
github.com/external-secrets/external-secrets/pkg/provider/vault/client_push.go:269.2,269.15 1 0
github.com/external-secrets/external-secrets/pkg/provider/vault/pool_config.go:74.55,87.2 1 0
github.com/external-secrets/external-secrets/pkg/provider/vault/pool_config.go:90.48,92.2 1 1
github.com/external-secrets/external-secrets/pkg/provider/vault/pool_config.go:96.31,98.2 1 1
github.com/external-secrets/external-secrets/pkg/provider/vault/pool_metrics.go:44.36,45.24 1 1
github.com/external-secrets/external-secrets/pkg/provider/vault/pool_metrics.go:45.24,87.3 9 1
github.com/external-secrets/external-secrets/pkg/provider/vault/pool_metrics.go:89.2,89.22 1 1
github.com/external-secrets/external-secrets/pkg/provider/vault/pool_metrics.go:93.44,95.2 1 1
github.com/external-secrets/external-secrets/pkg/provider/vault/pool_metrics.go:98.46,100.2 1 1
github.com/external-secrets/external-secrets/pkg/provider/vault/pool_metrics.go:103.45,105.2 1 1
github.com/external-secrets/external-secrets/pkg/provider/vault/pool_metrics.go:108.45,110.2 1 1
github.com/external-secrets/external-secrets/pkg/provider/vault/pool_metrics.go:113.48,115.2 1 1
github.com/external-secrets/external-secrets/pkg/provider/vault/pool_metrics.go:118.49,120.2 1 1
github.com/external-secrets/external-secrets/pkg/provider/vault/pool_metrics.go:123.48,125.2 1 1
github.com/external-secrets/external-secrets/pkg/provider/vault/pooled_lease.go:51.141,58.2 1 1
github.com/external-secrets/external-secrets/pkg/provider/vault/pooled_lease.go:61.44,63.2 1 0
github.com/external-secrets/external-secrets/pkg/provider/vault/pooled_lease.go:66.88,69.16 2 0
github.com/external-secrets/external-secrets/pkg/provider/vault/pooled_lease.go:69.16,71.3 1 0
github.com/external-secrets/external-secrets/pkg/provider/vault/pooled_lease.go:74.2,74.23 1 0
github.com/external-secrets/external-secrets/pkg/provider/vault/pooled_lease.go:74.23,76.3 1 0
github.com/external-secrets/external-secrets/pkg/provider/vault/pooled_lease.go:78.2,82.69 3 0
github.com/external-secrets/external-secrets/pkg/provider/vault/pooled_lease.go:82.69,84.3 1 0
github.com/external-secrets/external-secrets/pkg/provider/vault/pooled_lease.go:88.2,90.20 2 0
github.com/external-secrets/external-secrets/pkg/provider/vault/pooled_lease.go:90.20,95.23 3 0
github.com/external-secrets/external-secrets/pkg/provider/vault/pooled_lease.go:95.23,98.4 2 0
github.com/external-secrets/external-secrets/pkg/provider/vault/pooled_lease.go:100.3,100.17 1 0
github.com/external-secrets/external-secrets/pkg/provider/vault/pooled_lease.go:104.2,104.22 1 0
github.com/external-secrets/external-secrets/pkg/provider/vault/pooled_lease.go:104.22,107.3 2 0
github.com/external-secrets/external-secrets/pkg/provider/vault/pooled_lease.go:109.2,112.28 2 0
github.com/external-secrets/external-secrets/pkg/provider/vault/pooled_lease.go:116.39,118.2 1 0
github.com/external-secrets/external-secrets/pkg/provider/vault/pooled_lease.go:121.34,122.16 1 1
github.com/external-secrets/external-secrets/pkg/provider/vault/pooled_lease.go:122.16,124.3 1 1
github.com/external-secrets/external-secrets/pkg/provider/vault/pooled_lease.go:127.2,128.30 2 1
github.com/external-secrets/external-secrets/pkg/provider/vault/pooled_lease.go:128.30,130.3 1 1
github.com/external-secrets/external-secrets/pkg/provider/vault/pooled_lease.go:133.2,136.40 2 1
github.com/external-secrets/external-secrets/pkg/provider/vault/provider.go:70.64,72.16 2 1
github.com/external-secrets/external-secrets/pkg/provider/vault/provider.go:72.16,74.3 1 0
github.com/external-secrets/external-secrets/pkg/provider/vault/provider.go:75.2,85.8 1 1
github.com/external-secrets/external-secrets/pkg/provider/vault/provider.go:89.64,91.2 1 0
github.com/external-secrets/external-secrets/pkg/provider/vault/provider.go:94.143,99.16 2 0
github.com/external-secrets/external-secrets/pkg/provider/vault/provider.go:99.16,101.3 1 0
github.com/external-secrets/external-secrets/pkg/provider/vault/provider.go:102.2,103.16 2 0
github.com/external-secrets/external-secrets/pkg/provider/vault/provider.go:103.16,105.3 1 0
github.com/external-secrets/external-secrets/pkg/provider/vault/provider.go:106.2,106.69 1 0
github.com/external-secrets/external-secrets/pkg/provider/vault/provider.go:109.233,111.16 2 0
github.com/external-secrets/external-secrets/pkg/provider/vault/provider.go:111.16,113.3 1 0
github.com/external-secrets/external-secrets/pkg/provider/vault/provider.go:115.2,116.16 2 0
github.com/external-secrets/external-secrets/pkg/provider/vault/provider.go:116.16,118.3 1 0
github.com/external-secrets/external-secrets/pkg/provider/vault/provider.go:120.2,121.16 2 0
github.com/external-secrets/external-secrets/pkg/provider/vault/provider.go:121.16,123.3 1 0
github.com/external-secrets/external-secrets/pkg/provider/vault/provider.go:125.2,125.20 1 0
github.com/external-secrets/external-secrets/pkg/provider/vault/provider.go:128.179,130.86 2 1
github.com/external-secrets/external-secrets/pkg/provider/vault/provider.go:130.86,132.3 1 1
github.com/external-secrets/external-secrets/pkg/provider/vault/provider.go:133.2,143.16 3 1
github.com/external-secrets/external-secrets/pkg/provider/vault/provider.go:143.16,145.3 1 1
github.com/external-secrets/external-secrets/pkg/provider/vault/provider.go:148.2,148.19 1 1
github.com/external-secrets/external-secrets/pkg/provider/vault/provider.go:148.19,161.17 3 0
github.com/external-secrets/external-secrets/pkg/provider/vault/provider.go:161.17,163.4 1 0
github.com/external-secrets/external-secrets/pkg/provider/vault/provider.go:166.3,172.21 6 0
github.com/external-secrets/external-secrets/pkg/provider/vault/provider.go:176.2,177.16 2 1
github.com/external-secrets/external-secrets/pkg/provider/vault/provider.go:177.16,179.3 1 0
github.com/external-secrets/external-secrets/pkg/provider/vault/provider.go:181.2,181.58 1 1
github.com/external-secrets/external-secrets/pkg/provider/vault/provider.go:184.161,185.32 1 1
github.com/external-secrets/external-secrets/pkg/provider/vault/provider.go:185.32,187.3 1 1
github.com/external-secrets/external-secrets/pkg/provider/vault/provider.go:189.2,189.30 1 1
github.com/external-secrets/external-secrets/pkg/provider/vault/provider.go:189.30,190.47 1 0
github.com/external-secrets/external-secrets/pkg/provider/vault/provider.go:190.47,192.4 1 0
github.com/external-secrets/external-secrets/pkg/provider/vault/provider.go:195.2,195.63 1 1
github.com/external-secrets/external-secrets/pkg/provider/vault/provider.go:195.63,197.3 1 0
github.com/external-secrets/external-secrets/pkg/provider/vault/provider.go:199.2,206.98 5 1
github.com/external-secrets/external-secrets/pkg/provider/vault/provider.go:206.98,208.3 1 1
github.com/external-secrets/external-secrets/pkg/provider/vault/provider.go:209.2,209.44 1 1
github.com/external-secrets/external-secrets/pkg/provider/vault/provider.go:209.44,211.3 1 1
github.com/external-secrets/external-secrets/pkg/provider/vault/provider.go:213.2,213.15 1 1
github.com/external-secrets/external-secrets/pkg/provider/vault/provider.go:216.250,227.16 3 1
github.com/external-secrets/external-secrets/pkg/provider/vault/provider.go:227.16,229.3 1 1
github.com/external-secrets/external-secrets/pkg/provider/vault/provider.go:232.2,232.26 1 1
github.com/external-secrets/external-secrets/pkg/provider/vault/provider.go:232.26,233.38 1 1
github.com/external-secrets/external-secrets/pkg/provider/vault/provider.go:233.38,235.4 1 1
github.com/external-secrets/external-secrets/pkg/provider/vault/provider.go:235.9,238.4 1 0
github.com/external-secrets/external-secrets/pkg/provider/vault/provider.go:240.3,240.41 1 1
github.com/external-secrets/external-secrets/pkg/provider/vault/provider.go:240.41,242.18 2 1
github.com/external-secrets/external-secrets/pkg/provider/vault/provider.go:242.18,244.5 1 1
github.com/external-secrets/external-secrets/pkg/provider/vault/provider.go:245.4,246.32 2 1
github.com/external-secrets/external-secrets/pkg/provider/vault/provider.go:250.2,250.20 1 1
github.com/external-secrets/external-secrets/pkg/provider/vault/provider.go:253.117,261.113 6 1
github.com/external-secrets/external-secrets/pkg/provider/vault/provider.go:261.113,263.3 1 1
github.com/external-secrets/external-secrets/pkg/provider/vault/provider.go:265.2,270.14 2 1
github.com/external-secrets/external-secrets/pkg/provider/vault/provider.go:270.14,272.9 2 1
github.com/external-secrets/external-secrets/pkg/provider/vault/provider.go:272.9,274.4 1 1
github.com/external-secrets/external-secrets/pkg/provider/vault/provider.go:277.2,278.16 2 1
github.com/external-secrets/external-secrets/pkg/provider/vault/provider.go:278.16,280.3 1 0
github.com/external-secrets/external-secrets/pkg/provider/vault/provider.go:282.2,282.44 1 1
github.com/external-secrets/external-secrets/pkg/provider/vault/provider.go:282.44,284.3 1 1
github.com/external-secrets/external-secrets/pkg/provider/vault/provider.go:285.2,285.20 1 1
github.com/external-secrets/external-secrets/pkg/provider/vault/provider.go:288.52,289.22 1 1
github.com/external-secrets/external-secrets/pkg/provider/vault/provider.go:289.22,291.3 1 0
github.com/external-secrets/external-secrets/pkg/provider/vault/provider.go:293.2,293.82 1 1
github.com/external-secrets/external-secrets/pkg/provider/vault/provider.go:293.82,295.3 1 1
github.com/external-secrets/external-secrets/pkg/provider/vault/provider.go:296.2,296.78 1 1
github.com/external-secrets/external-secrets/pkg/provider/vault/provider.go:296.78,298.3 1 0
github.com/external-secrets/external-secrets/pkg/provider/vault/provider.go:299.2,299.125 1 1
github.com/external-secrets/external-secrets/pkg/provider/vault/provider.go:299.125,301.3 1 0
github.com/external-secrets/external-secrets/pkg/provider/vault/provider.go:302.2,302.141 1 1
github.com/external-secrets/external-secrets/pkg/provider/vault/provider.go:302.141,304.3 1 1
github.com/external-secrets/external-secrets/pkg/provider/vault/provider.go:305.2,305.72 1 1
github.com/external-secrets/external-secrets/pkg/provider/vault/provider.go:305.72,307.3 1 0
github.com/external-secrets/external-secrets/pkg/provider/vault/provider.go:308.2,308.80 1 1
github.com/external-secrets/external-secrets/pkg/provider/vault/provider.go:308.80,310.3 1 0
github.com/external-secrets/external-secrets/pkg/provider/vault/provider.go:311.2,311.104 1 1
github.com/external-secrets/external-secrets/pkg/provider/vault/provider.go:311.104,313.3 1 1
github.com/external-secrets/external-secrets/pkg/provider/vault/provider.go:314.2,314.162 1 1
github.com/external-secrets/external-secrets/pkg/provider/vault/provider.go:314.162,316.3 1 0
github.com/external-secrets/external-secrets/pkg/provider/vault/provider.go:317.2,317.72 1 1
github.com/external-secrets/external-secrets/pkg/provider/vault/provider.go:317.72,319.3 1 0
github.com/external-secrets/external-secrets/pkg/provider/vault/provider.go:320.2,320.168 1 1
github.com/external-secrets/external-secrets/pkg/provider/vault/provider.go:320.168,322.3 1 0
github.com/external-secrets/external-secrets/pkg/provider/vault/provider.go:323.2,326.108 1 1
github.com/external-secrets/external-secrets/pkg/provider/vault/provider.go:326.108,328.3 1 0
github.com/external-secrets/external-secrets/pkg/provider/vault/provider.go:329.2,329.14 1 1
github.com/external-secrets/external-secrets/pkg/provider/vault/provider.go:332.26,334.58 2 1
github.com/external-secrets/external-secrets/pkg/provider/vault/provider.go:334.58,336.17 2 0
github.com/external-secrets/external-secrets/pkg/provider/vault/provider.go:336.17,338.4 1 0
github.com/external-secrets/external-secrets/pkg/provider/vault/provider.go:342.25,343.17 1 0
github.com/external-secrets/external-secrets/pkg/provider/vault/provider.go:343.17,349.3 2 0
github.com/external-secrets/external-secrets/pkg/provider/vault/provider.go:349.8,352.3 2 0
github.com/external-secrets/external-secrets/pkg/provider/vault/provider.go:355.13,363.22 5 1
github.com/external-secrets/external-secrets/pkg/provider/vault/provider.go:363.22,366.4 2 0
github.com/external-secrets/external-secrets/pkg/provider/vault/provider.go:369.2,374.38 1 1
github.com/external-secrets/external-secrets/pkg/provider/vault/validate.go:53.87,54.18 1 1
github.com/external-secrets/external-secrets/pkg/provider/vault/validate.go:54.18,56.3 1 0
github.com/external-secrets/external-secrets/pkg/provider/vault/validate.go:57.2,58.16 2 1
github.com/external-secrets/external-secrets/pkg/provider/vault/validate.go:58.16,60.3 1 0
github.com/external-secrets/external-secrets/pkg/provider/vault/validate.go:61.2,61.25 1 1
github.com/external-secrets/external-secrets/pkg/provider/vault/validate.go:61.25,63.3 1 0
github.com/external-secrets/external-secrets/pkg/provider/vault/validate.go:64.2,65.26 2 1
github.com/external-secrets/external-secrets/pkg/provider/vault/validate.go:65.26,67.3 1 0
github.com/external-secrets/external-secrets/pkg/provider/vault/validate.go:68.2,68.31 1 1
github.com/external-secrets/external-secrets/pkg/provider/vault/validate.go:68.31,69.40 1 1
github.com/external-secrets/external-secrets/pkg/provider/vault/validate.go:69.40,71.108 1 1
github.com/external-secrets/external-secrets/pkg/provider/vault/validate.go:71.108,73.5 1 1
github.com/external-secrets/external-secrets/pkg/provider/vault/validate.go:76.4,76.47 1 1
github.com/external-secrets/external-secrets/pkg/provider/vault/validate.go:76.47,77.50 1 1
github.com/external-secrets/external-secrets/pkg/provider/vault/validate.go:77.50,78.109 1 1
github.com/external-secrets/external-secrets/pkg/provider/vault/validate.go:78.109,80.7 1 0
github.com/external-secrets/external-secrets/pkg/provider/vault/validate.go:81.11,83.6 1 1
github.com/external-secrets/external-secrets/pkg/provider/vault/validate.go:86.3,86.37 1 1
github.com/external-secrets/external-secrets/pkg/provider/vault/validate.go:86.37,87.106 1 1
github.com/external-secrets/external-secrets/pkg/provider/vault/validate.go:87.106,89.5 1 1
github.com/external-secrets/external-secrets/pkg/provider/vault/validate.go:90.4,90.105 1 1
github.com/external-secrets/external-secrets/pkg/provider/vault/validate.go:90.105,92.5 1 1
github.com/external-secrets/external-secrets/pkg/provider/vault/validate.go:94.3,94.36 1 1
github.com/external-secrets/external-secrets/pkg/provider/vault/validate.go:94.36,95.47 1 1
github.com/external-secrets/external-secrets/pkg/provider/vault/validate.go:95.47,96.106 1 1
github.com/external-secrets/external-secrets/pkg/provider/vault/validate.go:96.106,98.6 1 1
github.com/external-secrets/external-secrets/pkg/provider/vault/validate.go:99.10,99.74 1 0
github.com/external-secrets/external-secrets/pkg/provider/vault/validate.go:99.74,100.151 1 0
github.com/external-secrets/external-secrets/pkg/provider/vault/validate.go:100.151,102.6 1 0
github.com/external-secrets/external-secrets/pkg/provider/vault/validate.go:103.10,105.5 1 0
github.com/external-secrets/external-secrets/pkg/provider/vault/validate.go:107.3,107.43 1 1
github.com/external-secrets/external-secrets/pkg/provider/vault/validate.go:107.43,108.62 1 1
github.com/external-secrets/external-secrets/pkg/provider/vault/validate.go:108.62,109.129 1 1
github.com/external-secrets/external-secrets/pkg/provider/vault/validate.go:109.129,111.6 1 1
github.com/external-secrets/external-secrets/pkg/provider/vault/validate.go:113.4,113.54 1 1
github.com/external-secrets/external-secrets/pkg/provider/vault/validate.go:113.54,114.113 1 1
github.com/external-secrets/external-secrets/pkg/provider/vault/validate.go:114.113,116.6 1 1
github.com/external-secrets/external-secrets/pkg/provider/vault/validate.go:119.3,119.37 1 1
github.com/external-secrets/external-secrets/pkg/provider/vault/validate.go:119.37,120.105 1 1
github.com/external-secrets/external-secrets/pkg/provider/vault/validate.go:120.105,122.5 1 1
github.com/external-secrets/external-secrets/pkg/provider/vault/validate.go:124.3,124.41 1 1
github.com/external-secrets/external-secrets/pkg/provider/vault/validate.go:124.41,125.109 1 1
github.com/external-secrets/external-secrets/pkg/provider/vault/validate.go:125.109,127.5 1 1
github.com/external-secrets/external-secrets/pkg/provider/vault/validate.go:129.3,129.47 1 1
github.com/external-secrets/external-secrets/pkg/provider/vault/validate.go:129.47,130.106 1 1
github.com/external-secrets/external-secrets/pkg/provider/vault/validate.go:130.106,132.5 1 1
github.com/external-secrets/external-secrets/pkg/provider/vault/validate.go:134.3,134.36 1 1
github.com/external-secrets/external-secrets/pkg/provider/vault/validate.go:134.36,135.45 1 0
github.com/external-secrets/external-secrets/pkg/provider/vault/validate.go:135.45,136.64 1 0
github.com/external-secrets/external-secrets/pkg/provider/vault/validate.go:136.64,137.131 1 0
github.com/external-secrets/external-secrets/pkg/provider/vault/validate.go:137.131,139.7 1 0
github.com/external-secrets/external-secrets/pkg/provider/vault/validate.go:143.4,143.47 1 0
github.com/external-secrets/external-secrets/pkg/provider/vault/validate.go:143.47,144.117 1 0
github.com/external-secrets/external-secrets/pkg/provider/vault/validate.go:144.117,146.6 1 0
github.com/external-secrets/external-secrets/pkg/provider/vault/validate.go:147.5,147.121 1 0
github.com/external-secrets/external-secrets/pkg/provider/vault/validate.go:147.121,149.6 1 0
github.com/external-secrets/external-secrets/pkg/provider/vault/validate.go:150.5,150.61 1 0
github.com/external-secrets/external-secrets/pkg/provider/vault/validate.go:150.61,151.120 1 0
github.com/external-secrets/external-secrets/pkg/provider/vault/validate.go:151.120,153.7 1 0
github.com/external-secrets/external-secrets/pkg/provider/vault/validate.go:158.2,158.97 1 1
github.com/external-secrets/external-secrets/pkg/provider/vault/validate.go:158.97,159.109 1 1
github.com/external-secrets/external-secrets/pkg/provider/vault/validate.go:159.109,161.4 1 0
github.com/external-secrets/external-secrets/pkg/provider/vault/validate.go:162.3,162.108 1 1
github.com/external-secrets/external-secrets/pkg/provider/vault/validate.go:162.108,164.4 1 0
github.com/external-secrets/external-secrets/pkg/provider/vault/validate.go:165.8,165.104 1 1
github.com/external-secrets/external-secrets/pkg/provider/vault/validate.go:165.104,167.3 1 1
github.com/external-secrets/external-secrets/pkg/provider/vault/validate.go:170.2,170.76 1 1
github.com/external-secrets/external-secrets/pkg/provider/vault/validate.go:170.76,171.51 1 1
github.com/external-secrets/external-secrets/pkg/provider/vault/validate.go:171.51,173.4 1 1
github.com/external-secrets/external-secrets/pkg/provider/vault/validate.go:176.2,176.17 1 1
github.com/external-secrets/external-secrets/pkg/provider/vault/validate.go:179.60,183.75 1 0
github.com/external-secrets/external-secrets/pkg/provider/vault/validate.go:183.75,185.3 1 0
github.com/external-secrets/external-secrets/pkg/provider/vault/validate.go:186.2,187.16 2 0
github.com/external-secrets/external-secrets/pkg/provider/vault/validate.go:187.16,189.3 1 0
github.com/external-secrets/external-secrets/pkg/provider/vault/validate.go:190.2,190.40 1 0
